2024.08.05 17:33:29 INFO  Started: Metals version 1.3.5 in folders '/home/freshpate/git/Scala Course/rr' for client Visual Studio Code 1.92.0.
SLF4J(W): Class path contains multiple SLF4J providers.
SLF4J(W): Found provider [scribe.slf4j.ScribeServiceProvider@2cc1137c]
SLF4J(W): Found provider [ch.qos.logback.classic.spi.LogbackServiceProvider@4d308aaa]
SLF4J(W): See https://www.slf4j.org/codes.html#multiple_bindings for an explanation.
SLF4J(I): Actual provider is of type [scribe.slf4j.ScribeServiceProvider@2cc1137c]
2024.08.05 17:33:29 WARN  Flyway upgrade recommended: H2 2.3.230 is newer than this version of Flyway and support has not been tested. The latest supported version of H2 is 2.2.220.
2024.08.05 17:33:30 INFO  no build target found for /home/freshpate/git/Scala Course/rr/recfun/src/main/scala/recfun/RecFun.scala. Using presentation compiler with project's scala-library version: 3.3.3
2024.08.05 17:33:31 INFO  no build target found for /home/freshpate/git/Scala Course/rr/recfun/src/main/scala/recfun/RecFun.scala. Using presentation compiler with project's scala-library version: 3.3.3
2024.08.05 17:33:32 WARN  no build target for: /home/freshpate/git/Scala Course/rr/recfun/src/main/scala/recfun/RecFun.scala
2024.08.05 17:33:32 INFO  no build target found for /home/freshpate/git/Scala Course/rr/recfun/src/main/scala/recfun/RecFun.scala. Using presentation compiler with project's scala-library version: 3.3.3
2024.08.05 17:33:32 INFO  no build target found for /home/freshpate/git/Scala Course/rr/recfun/src/main/scala/recfun/RecFun.scala. Using presentation compiler with project's scala-library version: 3.3.3
2024.08.05 17:33:35 INFO  running '/home/freshpate/.local/share/coursier/bin/sbt -Dbloop.export-jar-classifiers=sources bloopInstall'
2024.08.05 17:33:36 INFO  [info] welcome to sbt 1.8.2 (Oracle Corporation Java 11)
2024.08.05 17:33:38 INFO  [info] loading settings for project recfun-build-build-build from metals.sbt ...
2024.08.05 17:33:38 INFO  [info] loading project definition from /home/freshpate/git/Scala Course/rr/recfun/project/project/project
2024.08.05 17:33:39 INFO  [info] loading settings for project recfun-build-build from metals.sbt ...
2024.08.05 17:33:39 INFO  [info] loading project definition from /home/freshpate/git/Scala Course/rr/recfun/project/project
2024.08.05 17:33:41 INFO  [success] Generated .bloop/recfun-build-build.json
2024.08.05 17:33:41 INFO  [success] Total time: 1 s, completed Aug 5, 2024, 5:33:41 PM
2024.08.05 17:33:41 INFO  no build target found for /home/freshpate/git/Scala Course/rr/recfun/src/main/scala/recfun/RecFun.scala. Using presentation compiler with project's scala-library version: 3.3.3
2024.08.05 17:33:42 INFO  [info] loading settings for project recfun-build from buildSettings.sbt,metals.sbt,plugins.sbt ...
2024.08.05 17:33:42 INFO  [info] loading project definition from /home/freshpate/git/Scala Course/rr/recfun/project
2024.08.05 17:33:42 INFO  [success] Generated .bloop/recfun-build.json
2024.08.05 17:33:42 INFO  [info] compiling 3 Scala sources to /home/freshpate/git/Scala Course/rr/recfun/project/target/scala-2.12/sbt-1.0/classes ...
2024.08.05 17:33:46 INFO  [info] done compiling
2024.08.05 17:33:46 INFO  [success] Total time: 5 s, completed Aug 5, 2024, 5:33:47 PM
2024.08.05 17:33:47 INFO  [info] loading settings for project recfun from assignment.sbt,build.sbt ...
2024.08.05 17:33:47 INFO  [info] set current project to progfun1-recfun (in build file:/home/freshpate/git/Scala%20Course/rr/recfun/)
2024.08.05 17:33:47 INFO  [success] Generated .bloop/recfun.json
2024.08.05 17:33:47 INFO  [success] Generated .bloop/recfun-test.json
2024.08.05 17:33:47 INFO  [success] Total time: 0 s, completed Aug 5, 2024, 5:33:48 PM
2024.08.05 17:33:49 INFO  time: ran 'sbt bloopInstall' in 13s
2024.08.05 17:33:49 INFO  Attempting to connect to the build server...
2024.08.05 17:33:49 INFO  tracing is disabled for protocol BSP, to enable tracing of incoming and outgoing JSON messages create an empty file at /home/freshpate/git/Scala Course/rr/.metals/bsp.trace.json or /home/freshpate/.cache/metals/bsp.trace.json
2024.08.05 17:33:49 INFO  time: Connected to build server in 0.12s
2024.08.05 17:33:49 INFO  Connected to Build server: Bloop v1.6.0
2024.08.05 17:33:49 INFO  running doctor check
2024.08.05 17:33:49 INFO  java targets: recfun, recfun-test
2024.08.05 17:33:49 WARN  3.3.0 is no longer supported in the current Metals versions, using the last known supported version 1.2.2
2024.08.05 17:33:50 WARN  Flyway upgrade recommended: H2 2.3.230 is newer than this version of Flyway and support has not been tested. The latest supported version of H2 is 2.2.220.
2024.08.05 17:33:51 INFO  time: indexed workspace in 2.24s
2024.08.05 17:33:51 INFO  compiling recfun (2 scala sources)
2024.08.05 17:33:51 INFO  time: compiled recfun in 0.29s
2024.08.05 17:33:51 INFO  compiling recfun-test (1 scala source)
2024.08.05 17:33:51 INFO  time: compiled recfun-test in 0.22s
2024.08.05 17:34:00 INFO  tracing is disabled for protocol dap-server, to enable tracing of incoming and outgoing JSON messages create an empty file at /home/freshpate/git/Scala Course/rr/.metals/dap-server.trace.json or /home/freshpate/.cache/metals/dap-server.trace.json
2024.08.05 17:34:00 INFO  tracing is disabled for protocol dap-client, to enable tracing of incoming and outgoing JSON messages create an empty file at /home/freshpate/git/Scala Course/rr/.metals/dap-client.trace.json or /home/freshpate/.cache/metals/dap-client.trace.json
2024.08.05 17:34:00 INFO  Starting debug proxy for [recfun.RecFunSuite(balance: '\(if \(zero\? x\) max \(/ 1 x\)\)' is balanced)]
2024.08.05 17:34:00 INFO  Initialized Scala 3 decoder in 0 milliseconds
2024.08.05 17:34:00 INFO  Trying to attach to remote debuggee VM localhost:56477 .
2024.08.05 17:34:00 INFO  Attaching to debuggee VM succeeded.
2024.08.05 17:34:00 INFO  Closing debug server tcp://0.0.0.0:41125
2024.08.05 17:34:01 INFO  Canceling debug proxy for [recfun.RecFunSuite(balance: '\(if \(zero\? x\) max \(/ 1 x\)\)' is balanced)]
Aug 05, 2024 5:35:45 PM org.eclipse.lsp4j.jsonrpc.RemoteEndpoint handleCancellation
WARNING: Unmatched cancel notification for request id 52
Aug 05, 2024 5:37:57 PM org.eclipse.lsp4j.jsonrpc.RemoteEndpoint handleCancellation
WARNING: Unmatched cancel notification for request id 120
2024.08.05 17:40:53 INFO  Shutting down server
2024.08.05 17:40:53 INFO  shutting down Metals
2024.08.05 17:40:53 INFO  Shut down connection with build server.
2024.08.05 17:40:53 INFO  Exiting server
