2024.08.05 18:17:22 INFO  Started: Metals version 1.3.5 in folders '/home/freshpate/git/scala-course/Functional Programming Principles in Scala/Week 2 - Functional Sets' for client Visual Studio Code 1.92.0.
SLF4J(W): Class path contains multiple SLF4J providers.
SLF4J(W): Found provider [scribe.slf4j.ScribeServiceProvider@2cc1137c]
SLF4J(W): Found provider [ch.qos.logback.classic.spi.LogbackServiceProvider@4d308aaa]
SLF4J(W): See https://www.slf4j.org/codes.html#multiple_bindings for an explanation.
SLF4J(I): Actual provider is of type [scribe.slf4j.ScribeServiceProvider@2cc1137c]
2024.08.05 18:17:22 WARN  Flyway upgrade recommended: H2 2.3.230 is newer than this version of Flyway and support has not been tested. The latest supported version of H2 is 2.2.220.
2024.08.05 18:17:23 INFO  no build target found for /home/freshpate/git/scala-course/Functional Programming Principles in Scala/Week 2 - Functional Sets/funsets/src/main/scala/funsets/FunSetsInterface.scala. Using presentation compiler with project's scala-library version: 3.3.3
2024.08.05 18:17:24 INFO  no build target found for /home/freshpate/git/scala-course/Functional Programming Principles in Scala/Week 2 - Functional Sets/funsets/src/main/scala/funsets/FunSetsInterface.scala. Using presentation compiler with project's scala-library version: 3.3.3
2024.08.05 18:17:24 INFO  running '/home/freshpate/.local/share/coursier/bin/sbt -Dbloop.export-jar-classifiers=sources bloopInstall'
2024.08.05 18:17:25 INFO  [info] welcome to sbt 1.8.2 (Oracle Corporation Java 11)
2024.08.05 18:17:27 INFO  [info] loading settings for project funsets-build-build-build from metals.sbt ...
2024.08.05 18:17:27 INFO  [info] loading project definition from /home/freshpate/git/scala-course/Functional Programming Principles in Scala/Week 2 - Functional Sets/funsets/project/project/project
2024.08.05 18:17:29 INFO  [info] loading settings for project funsets-build-build from metals.sbt ...
2024.08.05 18:17:29 INFO  [info] loading project definition from /home/freshpate/git/scala-course/Functional Programming Principles in Scala/Week 2 - Functional Sets/funsets/project/project
2024.08.05 18:17:30 INFO  [success] Generated .bloop/funsets-build-build.json
2024.08.05 18:17:30 INFO  [success] Total time: 1 s, completed Aug 5, 2024, 6:17:30 PM
2024.08.05 18:17:30 INFO  [info] loading settings for project funsets-build from buildSettings.sbt,metals.sbt,plugins.sbt ...
2024.08.05 18:17:30 INFO  [info] loading project definition from /home/freshpate/git/scala-course/Functional Programming Principles in Scala/Week 2 - Functional Sets/funsets/project
2024.08.05 18:17:32 INFO  [success] Generated .bloop/funsets-build.json
2024.08.05 18:17:32 INFO  [info] compiling 3 Scala sources to /home/freshpate/git/scala-course/Functional Programming Principles in Scala/Week 2 - Functional Sets/funsets/project/target/scala-2.12/sbt-1.0/classes ...
2024.08.05 18:17:36 INFO  [info] done compiling
2024.08.05 18:17:36 INFO  [success] Total time: 5 s, completed Aug 5, 2024, 6:17:36 PM
2024.08.05 18:17:37 INFO  [info] loading settings for project funsets from assignment.sbt,build.sbt ...
2024.08.05 18:17:37 INFO  [info] set current project to progfun1-funsets (in build file:/home/freshpate/git/scala-course/Functional%20Programming%20Principles%20in%20Scala/Week%202%20-%20Functional%20Sets/funsets/)
2024.08.05 18:17:37 INFO  [success] Generated .bloop/funsets.json
2024.08.05 18:17:37 INFO  [success] Generated .bloop/funsets-test.json
2024.08.05 18:17:37 INFO  [success] Total time: 0 s, completed Aug 5, 2024, 6:17:37 PM
2024.08.05 18:17:38 INFO  time: ran 'sbt bloopInstall' in 13s
2024.08.05 18:17:38 INFO  Attempting to connect to the build server...
2024.08.05 18:17:38 INFO  tracing is disabled for protocol BSP, to enable tracing of incoming and outgoing JSON messages create an empty file at /home/freshpate/git/scala-course/Functional Programming Principles in Scala/Week 2 - Functional Sets/.metals/bsp.trace.json or /home/freshpate/.cache/metals/bsp.trace.json
2024.08.05 18:17:38 INFO  time: Connected to build server in 0.12s
2024.08.05 18:17:38 INFO  Connected to Build server: Bloop v1.6.0
2024.08.05 18:17:38 INFO  running doctor check
2024.08.05 18:17:38 INFO  java targets: funsets, funsets-test
2024.08.05 18:17:38 WARN  3.3.0 is no longer supported in the current Metals versions, using the last known supported version 1.2.2
2024.08.05 18:17:39 WARN  Flyway upgrade recommended: H2 2.3.230 is newer than this version of Flyway and support has not been tested. The latest supported version of H2 is 2.2.220.
2024.08.05 18:17:40 INFO  time: indexed workspace in 2.28s
2024.08.05 18:17:40 INFO  compiling funsets (3 scala sources)
2024.08.05 18:17:40 INFO  compiling funsets-test (1 scala source)
2024.08.05 18:17:40 INFO  time: compiled funsets in 0.34s
2024.08.05 18:17:40 INFO  time: compiled funsets-test in 0.2s
2024.08.05 19:59:45 INFO  compiling funsets (1 scala source)
2024.08.05 19:59:45 INFO  time: compiled funsets in 57ms
2024.08.05 19:59:51 INFO  compiling funsets (1 scala source)
2024.08.05 19:59:51 INFO  time: compiled funsets in 0.13s
2024.08.05 20:00:02 INFO  compiling funsets (1 scala source)
2024.08.05 20:00:02 INFO  time: compiled funsets in 0.14s
2024.08.05 20:04:43 INFO  compiling funsets (1 scala source)
2024.08.05 20:04:43 INFO  time: compiled funsets in 99ms
2024.08.05 20:05:16 INFO  compiling funsets (1 scala source)
2024.08.05 20:05:16 INFO  time: compiled funsets in 0.1s
2024.08.05 20:05:29 INFO  compiling funsets (1 scala source)
2024.08.05 20:05:29 INFO  time: compiled funsets in 98ms
2024.08.05 20:05:49 INFO  compiling funsets (1 scala source)
2024.08.05 20:05:49 INFO  time: compiled funsets in 0.1s
Aug 05, 2024 8:09:54 PM org.eclipse.lsp4j.jsonrpc.RemoteEndpoint handleCancellation
WARNING: Unmatched cancel notification for request id 813
2024.08.05 20:11:01 INFO  compiling funsets (1 scala source)
2024.08.05 20:11:01 INFO  time: compiled funsets in 87ms
2024.08.05 20:11:12 INFO  compiling funsets (1 scala source)
2024.08.05 20:11:12 INFO  time: compiled funsets in 0.13s
2024.08.05 20:13:13 INFO  compiling funsets (1 scala source)
2024.08.05 20:13:13 INFO  time: compiled funsets in 96ms
2024.08.05 20:15:08 INFO  compiling funsets (1 scala source)
2024.08.05 20:15:08 INFO  time: compiled funsets in 0.13s
2024.08.05 20:17:17 INFO  compiling funsets (1 scala source)
2024.08.05 20:17:17 INFO  time: compiled funsets in 0.11s
2024.08.05 20:17:20 INFO  compiling funsets (1 scala source)
2024.08.05 20:17:20 INFO  time: compiled funsets in 97ms
2024.08.05 20:20:49 INFO  compiling funsets (1 scala source)
2024.08.05 20:20:49 INFO  time: compiled funsets in 94ms
2024.08.05 20:20:52 INFO  compiling funsets (1 scala source)
2024.08.05 20:20:52 INFO  time: compiled funsets in 95ms
2024.08.05 20:20:56 INFO  compiling funsets (1 scala source)
2024.08.05 20:20:56 INFO  time: compiled funsets in 92ms
2024.08.05 20:21:29 INFO  compiling funsets (1 scala source)
2024.08.05 20:21:29 INFO  time: compiled funsets in 0.1s
2024.08.05 20:24:47 INFO  compiling funsets (1 scala source)
2024.08.05 20:24:47 INFO  time: compiled funsets in 0.23s
2024.08.05 20:24:50 INFO  compiling funsets (1 scala source)
2024.08.05 20:24:50 INFO  time: compiled funsets in 0.13s
2024.08.05 20:24:53 INFO  compiling funsets (1 scala source)
2024.08.05 20:24:53 INFO  time: compiled funsets in 0.13s
2024.08.05 20:27:04 INFO  compiling funsets (1 scala source)
2024.08.05 20:27:04 INFO  time: compiled funsets in 0.12s
2024.08.05 20:27:58 INFO  compiling funsets (1 scala source)
2024.08.05 20:27:58 INFO  time: compiled funsets in 52ms
2024.08.05 20:28:08 INFO  compiling funsets (1 scala source)
2024.08.05 20:28:08 INFO  time: compiled funsets in 99ms
2024.08.05 20:29:32 INFO  compiling funsets (1 scala source)
2024.08.05 20:29:32 INFO  time: compiled funsets in 50ms
2024.08.05 20:30:58 INFO  compiling funsets (1 scala source)
2024.08.05 20:30:58 INFO  time: compiled funsets in 93ms
2024.08.05 20:32:52 INFO  tracing is disabled for protocol dap-server, to enable tracing of incoming and outgoing JSON messages create an empty file at /home/freshpate/git/scala-course/Functional Programming Principles in Scala/Week 2 - Functional Sets/.metals/dap-server.trace.json or /home/freshpate/.cache/metals/dap-server.trace.json
2024.08.05 20:32:52 INFO  tracing is disabled for protocol dap-client, to enable tracing of incoming and outgoing JSON messages create an empty file at /home/freshpate/git/scala-course/Functional Programming Principles in Scala/Week 2 - Functional Sets/.metals/dap-client.trace.json or /home/freshpate/.cache/metals/dap-client.trace.json
2024.08.05 20:32:52 INFO  Starting debug proxy for [funsets.FunSetSuite(union contains all elements of each set)]
2024.08.05 20:32:52 INFO  Initialized Scala 3 decoder in 0 milliseconds
2024.08.05 20:32:52 INFO  Trying to attach to remote debuggee VM localhost:57817 .
2024.08.05 20:32:52 INFO  Attaching to debuggee VM succeeded.
2024.08.05 20:32:53 INFO  Canceling debug proxy for [funsets.FunSetSuite(union contains all elements of each set)]
2024.08.05 20:32:52 INFO  Closing debug server tcp://0.0.0.0:39297
2024.08.05 20:35:32 INFO  compiling funsets (1 scala source)
2024.08.05 20:35:32 INFO  time: compiled funsets in 0.12s
2024.08.05 20:35:40 INFO  tracing is disabled for protocol dap-server, to enable tracing of incoming and outgoing JSON messages create an empty file at /home/freshpate/git/scala-course/Functional Programming Principles in Scala/Week 2 - Functional Sets/.metals/dap-server.trace.json or /home/freshpate/.cache/metals/dap-server.trace.json
2024.08.05 20:35:40 INFO  tracing is disabled for protocol dap-client, to enable tracing of incoming and outgoing JSON messages create an empty file at /home/freshpate/git/scala-course/Functional Programming Principles in Scala/Week 2 - Functional Sets/.metals/dap-client.trace.json or /home/freshpate/.cache/metals/dap-client.trace.json
2024.08.05 20:35:40 INFO  Starting debug proxy for [funsets.FunSetSuite(union contains all elements of each set)]
2024.08.05 20:35:40 INFO  Initialized Scala 3 decoder in 0 milliseconds
2024.08.05 20:35:40 INFO  Trying to attach to remote debuggee VM localhost:40535 .
2024.08.05 20:35:40 INFO  Attaching to debuggee VM succeeded.
2024.08.05 20:35:40 INFO  Closing debug server tcp://0.0.0.0:45995
2024.08.05 20:35:41 INFO  Canceling debug proxy for [funsets.FunSetSuite(union contains all elements of each set)]
Aug 05, 2024 8:35:54 PM org.eclipse.lsp4j.jsonrpc.RemoteEndpoint handleCancellation
WARNING: Unmatched cancel notification for request id 2123
2024.08.05 20:37:34 INFO  compiling funsets (1 scala source)
2024.08.05 20:37:34 INFO  time: compiled funsets in 0.1s
2024.08.05 20:38:04 INFO  Shutting down server
2024.08.05 20:38:04 INFO  shutting down Metals
2024.08.05 20:38:04 INFO  Shut down connection with build server.
2024.08.05 20:38:04 INFO  Exiting server
2024.08.05 20:38:14 INFO  Started: Metals version 1.3.5 in folders '/home/freshpate/git/scala-course/Functional Programming Principles in Scala/Week 2 - Functional Sets' for client Visual Studio Code 1.92.0.
SLF4J(W): Class path contains multiple SLF4J providers.
SLF4J(W): Found provider [scribe.slf4j.ScribeServiceProvider@6ea8fcce]
SLF4J(W): Found provider [ch.qos.logback.classic.spi.LogbackServiceProvider@66841700]
SLF4J(W): See https://www.slf4j.org/codes.html#multiple_bindings for an explanation.
SLF4J(I): Actual provider is of type [scribe.slf4j.ScribeServiceProvider@6ea8fcce]
2024.08.05 20:38:14 WARN  Flyway upgrade recommended: H2 2.3.230 is newer than this version of Flyway and support has not been tested. The latest supported version of H2 is 2.2.220.
2024.08.05 20:38:15 INFO  no build target found for /home/freshpate/git/scala-course/Functional Programming Principles in Scala/Week 2 - Functional Sets/funsets/src/main/scala/funsets/FunSets.scala. Using presentation compiler with project's scala-library version: 3.3.3
2024.08.05 20:38:15 INFO  Attempting to connect to the build server...
2024.08.05 20:38:15 INFO  tracing is disabled for protocol BSP, to enable tracing of incoming and outgoing JSON messages create an empty file at /home/freshpate/git/scala-course/Functional Programming Principles in Scala/Week 2 - Functional Sets/.metals/bsp.trace.json or /home/freshpate/.cache/metals/bsp.trace.json
2024.08.05 20:38:15 INFO  time: Connected to build server in 0.28s
2024.08.05 20:38:15 INFO  Connected to Build server: Bloop v1.6.0
2024.08.05 20:38:16 INFO  running doctor check
2024.08.05 20:38:16 INFO  java targets: funsets, funsets-test
2024.08.05 20:38:16 WARN  3.3.0 is no longer supported in the current Metals versions, using the last known supported version 1.2.2
2024.08.05 20:38:18 WARN  Flyway upgrade recommended: H2 2.3.230 is newer than this version of Flyway and support has not been tested. The latest supported version of H2 is 2.2.220.
2024.08.05 20:38:18 INFO  time: indexed workspace in 2.05s
