2024.08.06 13:25:13 INFO  Started: Metals version 1.3.5 in folders '/home/freshpate/git/scala-course/Functional Programming Principles in Scala/Week 4 - Types and Pattern Matching' for client Visual Studio Code 1.92.0.
SLF4J(W): Class path contains multiple SLF4J providers.
SLF4J(W): Found provider [scribe.slf4j.ScribeServiceProvider@56cca9b9]
SLF4J(W): Found provider [ch.qos.logback.classic.spi.LogbackServiceProvider@12c549fe]
SLF4J(W): See https://www.slf4j.org/codes.html#multiple_bindings for an explanation.
SLF4J(I): Actual provider is of type [scribe.slf4j.ScribeServiceProvider@56cca9b9]
2024.08.06 13:25:13 WARN  Flyway upgrade recommended: H2 2.3.230 is newer than this version of Flyway and support has not been tested. The latest supported version of H2 is 2.2.220.
2024.08.06 13:25:14 INFO  no build target found for /home/freshpate/git/scala-course/Functional Programming Principles in Scala/Week 4 - Types and Pattern Matching/src/main/scala/patmat/Huffman.scala. Using presentation compiler with project's scala-library version: 3.3.3
2024.08.06 13:25:13 INFO  no build target found for /home/freshpate/git/scala-course/Functional Programming Principles in Scala/Week 4 - Types and Pattern Matching/src/main/scala/patmat/Huffman.scala. Using presentation compiler with project's scala-library version: 3.3.3
Aug 06, 2024 1:25:15 PM org.eclipse.lsp4j.jsonrpc.RemoteEndpoint handleCancellation
WARNING: Unmatched cancel notification for request id 3
2024.08.06 13:25:16 INFO  no build target found for /home/freshpate/git/scala-course/Functional Programming Principles in Scala/Week 4 - Types and Pattern Matching/src/main/scala/patmat/Huffman.scala. Using presentation compiler with project's scala-library version: 3.3.3
2024.08.06 13:25:16 INFO  running '/home/freshpate/.local/share/coursier/bin/sbt -Dbloop.export-jar-classifiers=sources bloopInstall'
2024.08.06 13:25:16 WARN  no build target for: /home/freshpate/git/scala-course/Functional Programming Principles in Scala/Week 4 - Types and Pattern Matching/project/metals.sbt
2024.08.06 13:25:16 INFO  no build target found for /home/freshpate/git/scala-course/Functional Programming Principles in Scala/Week 4 - Types and Pattern Matching/project/metals.sbt. Using presentation compiler with project's scala-library version: 3.3.3
2024.08.06 13:25:16 INFO  no build target found for /home/freshpate/git/scala-course/Functional Programming Principles in Scala/Week 4 - Types and Pattern Matching/src/main/scala/patmat/Huffman.scala. Using presentation compiler with project's scala-library version: 3.3.3
2024.08.06 13:25:17 INFO  [info] welcome to sbt 1.8.2 (Oracle Corporation Java 11)
2024.08.06 13:25:19 INFO  [info] loading settings for project week-4-types-and-pattern-matching-build-build-build from metals.sbt ...
2024.08.06 13:25:19 INFO  [info] loading project definition from /home/freshpate/git/scala-course/Functional Programming Principles in Scala/Week 4 - Types and Pattern Matching/project/project/project
2024.08.06 13:25:20 INFO  [info] loading settings for project week-4-types-and-pattern-matching-build-build from metals.sbt ...
2024.08.06 13:25:20 INFO  [info] loading project definition from /home/freshpate/git/scala-course/Functional Programming Principles in Scala/Week 4 - Types and Pattern Matching/project/project
2024.08.06 13:25:22 INFO  [success] Generated .bloop/week-4-types-and-pattern-matching-build-build.json
2024.08.06 13:25:22 INFO  [success] Total time: 1 s, completed Aug 6, 2024, 1:25:22 PM
2024.08.06 13:25:23 INFO  [info] loading settings for project week-4-types-and-pattern-matching-build from buildSettings.sbt,metals.sbt,plugins.sbt ...
2024.08.06 13:25:23 INFO  [info] loading project definition from /home/freshpate/git/scala-course/Functional Programming Principles in Scala/Week 4 - Types and Pattern Matching/project
2024.08.06 13:25:23 INFO  [success] Generated .bloop/week-4-types-and-pattern-matching-build.json
2024.08.06 13:25:23 INFO  [info] compiling 3 Scala sources to /home/freshpate/git/scala-course/Functional Programming Principles in Scala/Week 4 - Types and Pattern Matching/project/target/scala-2.12/sbt-1.0/classes ...
2024.08.06 13:25:25 INFO  no build target found for /home/freshpate/git/scala-course/Functional Programming Principles in Scala/Week 4 - Types and Pattern Matching/src/main/scala/patmat/Huffman.scala. Using presentation compiler with project's scala-library version: 3.3.3
2024.08.06 13:25:25 INFO  no build target found for /home/freshpate/git/scala-course/Functional Programming Principles in Scala/Week 4 - Types and Pattern Matching/src/main/scala/patmat/HuffmanInterface.scala. Using presentation compiler with project's scala-library version: 3.3.3
2024.08.06 13:25:26 INFO  no build target found for /home/freshpate/git/scala-course/Functional Programming Principles in Scala/Week 4 - Types and Pattern Matching/src/main/scala/patmat/HuffmanInterface.scala. Using presentation compiler with project's scala-library version: 3.3.3
2024.08.06 13:25:27 INFO  no build target found for /home/freshpate/git/scala-course/Functional Programming Principles in Scala/Week 4 - Types and Pattern Matching/src/test/scala/patmat/HuffmanSuite.scala. Using presentation compiler with project's scala-library version: 3.3.3
2024.08.06 13:25:28 INFO  [info] done compiling
2024.08.06 13:25:28 INFO  [success] Total time: 5 s, completed Aug 6, 2024, 1:25:28 PM
2024.08.06 13:25:29 INFO  no build target found for /home/freshpate/git/scala-course/Functional Programming Principles in Scala/Week 4 - Types and Pattern Matching/src/test/scala/patmat/HuffmanSuite.scala. Using presentation compiler with project's scala-library version: 3.3.3
2024.08.06 13:25:29 INFO  no build target found for /home/freshpate/git/scala-course/Functional Programming Principles in Scala/Week 4 - Types and Pattern Matching/src/main/scala/patmat/Huffman.scala. Using presentation compiler with project's scala-library version: 3.3.3
2024.08.06 13:25:29 INFO  [info] loading settings for project week-4-types-and-pattern-matching from assignment.sbt,build.sbt ...
2024.08.06 13:25:29 INFO  [info] set current project to progfun1-patmat (in build file:/home/freshpate/git/scala-course/Functional%20Programming%20Principles%20in%20Scala/Week%204%20-%20Types%20and%20Pattern%20Matching/)
2024.08.06 13:25:29 INFO  [success] Generated .bloop/week-4-types-and-pattern-matching.json
2024.08.06 13:25:29 INFO  [success] Generated .bloop/week-4-types-and-pattern-matching-test.json
2024.08.06 13:25:29 INFO  [success] Total time: 0 s, completed Aug 6, 2024, 1:25:30 PM
2024.08.06 13:25:30 INFO  time: ran 'sbt bloopInstall' in 14s
2024.08.06 13:25:30 INFO  Attempting to connect to the build server...
2024.08.06 13:25:30 INFO  tracing is disabled for protocol BSP, to enable tracing of incoming and outgoing JSON messages create an empty file at /home/freshpate/git/scala-course/Functional Programming Principles in Scala/Week 4 - Types and Pattern Matching/.metals/bsp.trace.json or /home/freshpate/.cache/metals/bsp.trace.json
2024.08.06 13:25:30 INFO  Attempting to connect to the build server...
2024.08.06 13:25:30 INFO  Attempting to connect to the build server...
2024.08.06 13:25:30 INFO  tracing is disabled for protocol BSP, to enable tracing of incoming and outgoing JSON messages create an empty file at /home/freshpate/git/scala-course/Functional Programming Principles in Scala/Week 4 - Types and Pattern Matching/project/project/.metals/bsp.trace.json or /home/freshpate/.cache/metals/bsp.trace.json
2024.08.06 13:25:31 INFO  tracing is disabled for protocol BSP, to enable tracing of incoming and outgoing JSON messages create an empty file at /home/freshpate/git/scala-course/Functional Programming Principles in Scala/Week 4 - Types and Pattern Matching/project/.metals/bsp.trace.json or /home/freshpate/.cache/metals/bsp.trace.json
2024.08.06 13:25:31 INFO  time: Connected to build server in 0.16s
2024.08.06 13:25:31 INFO  Connected to Build server: Bloop v1.6.0
2024.08.06 13:25:31 INFO  running doctor check
2024.08.06 13:25:31 INFO  java targets: week-4-types-and-pattern-matching, week-4-types-and-pattern-matching-build-build, week-4-types-and-pattern-matching-build, week-4-types-and-pattern-matching-test
2024.08.06 13:25:31 WARN  3.3.0 is no longer supported in the current Metals versions, using the last known supported version 1.2.2
2024.08.06 13:25:32 WARN  Flyway upgrade recommended: H2 2.3.230 is newer than this version of Flyway and support has not been tested. The latest supported version of H2 is 2.2.220.
2024.08.06 13:25:37 INFO  time: indexed workspace in 6.24s
2024.08.06 13:49:33 INFO  compiling week-4-types-and-pattern-matching (2 scala sources)
2024.08.06 13:49:35 INFO  compiling week-4-types-and-pattern-matching-test (1 scala source)
2024.08.06 13:49:35 INFO  time: compiled week-4-types-and-pattern-matching in 2.33s
2024.08.06 13:49:35 INFO  time: compiled week-4-types-and-pattern-matching-test in 0.69s
Aug 06, 2024 1:52:39 PM org.eclipse.lsp4j.jsonrpc.RemoteEndpoint handleCancellation
WARNING: Unmatched cancel notification for request id 135
2024.08.06 13:53:35 INFO  compiling week-4-types-and-pattern-matching (2 scala sources)
2024.08.06 13:53:35 INFO  time: compiled week-4-types-and-pattern-matching in 0.23s
2024.08.06 13:57:20 INFO  compiling week-4-types-and-pattern-matching (2 scala sources)
2024.08.06 13:57:20 INFO  time: compiled week-4-types-and-pattern-matching in 0.41s
2024.08.06 13:57:32 INFO  compiling week-4-types-and-pattern-matching (2 scala sources)
2024.08.06 13:57:32 INFO  time: compiled week-4-types-and-pattern-matching in 0.13s
2024.08.06 13:57:57 INFO  compiling week-4-types-and-pattern-matching (2 scala sources)
2024.08.06 13:57:57 INFO  time: compiled week-4-types-and-pattern-matching in 0.14s
2024.08.06 13:58:07 INFO  compiling week-4-types-and-pattern-matching (2 scala sources)
2024.08.06 13:58:07 INFO  time: compiled week-4-types-and-pattern-matching in 0.42s
2024.08.06 14:00:06 INFO  compiling week-4-types-and-pattern-matching (2 scala sources)
2024.08.06 14:00:06 INFO  time: compiled week-4-types-and-pattern-matching in 0.24s
2024.08.06 14:00:06 INFO  compiling week-4-types-and-pattern-matching (2 scala sources)
2024.08.06 14:00:06 INFO  time: compiled week-4-types-and-pattern-matching in 0.23s
2024.08.06 14:00:10 INFO  compiling week-4-types-and-pattern-matching (2 scala sources)
2024.08.06 14:00:10 INFO  time: compiled week-4-types-and-pattern-matching in 0.23s
2024.08.06 14:00:10 INFO  compiling week-4-types-and-pattern-matching (2 scala sources)
2024.08.06 14:00:10 INFO  time: compiled week-4-types-and-pattern-matching in 0.2s
Aug 06, 2024 2:00:14 PM org.eclipse.lsp4j.jsonrpc.RemoteEndpoint handleCancellation
WARNING: Unmatched cancel notification for request id 957
2024.08.06 14:00:16 INFO  compiling week-4-types-and-pattern-matching (2 scala sources)
2024.08.06 14:00:16 INFO  time: compiled week-4-types-and-pattern-matching in 0.23s
2024.08.06 14:00:42 INFO  compiling week-4-types-and-pattern-matching (2 scala sources)
2024.08.06 14:00:42 INFO  time: compiled week-4-types-and-pattern-matching in 0.33s
2024.08.06 14:01:04 INFO  compiling week-4-types-and-pattern-matching (2 scala sources)
2024.08.06 14:01:04 INFO  time: compiled week-4-types-and-pattern-matching in 0.26s
2024.08.06 14:09:38 INFO  compiling week-4-types-and-pattern-matching (2 scala sources)
2024.08.06 14:09:38 INFO  time: compiled week-4-types-and-pattern-matching in 0.18s
2024.08.06 14:09:49 INFO  compiling week-4-types-and-pattern-matching (2 scala sources)
2024.08.06 14:09:49 INFO  time: compiled week-4-types-and-pattern-matching in 0.18s
2024.08.06 14:10:09 INFO  compiling week-4-types-and-pattern-matching (2 scala sources)
2024.08.06 14:10:09 INFO  time: compiled week-4-types-and-pattern-matching in 79ms
Aug 06, 2024 2:10:29 PM org.eclipse.lsp4j.jsonrpc.RemoteEndpoint handleCancellation
WARNING: Unmatched cancel notification for request id 1434
2024.08.06 14:10:38 INFO  compiling week-4-types-and-pattern-matching (2 scala sources)
2024.08.06 14:10:38 INFO  time: compiled week-4-types-and-pattern-matching in 0.11s
2024.08.06 14:11:44 INFO  compiling week-4-types-and-pattern-matching (2 scala sources)
2024.08.06 14:11:44 INFO  time: compiled week-4-types-and-pattern-matching in 0.13s
2024.08.06 14:11:59 INFO  compiling week-4-types-and-pattern-matching (2 scala sources)
2024.08.06 14:11:59 INFO  time: compiled week-4-types-and-pattern-matching in 0.2s
2024.08.06 14:12:40 INFO  compiling week-4-types-and-pattern-matching (2 scala sources)
2024.08.06 14:12:40 INFO  time: compiled week-4-types-and-pattern-matching in 0.18s
2024.08.06 14:13:52 INFO  compiling week-4-types-and-pattern-matching (2 scala sources)
2024.08.06 14:13:52 INFO  time: compiled week-4-types-and-pattern-matching in 0.18s
Aug 06, 2024 2:14:23 PM org.eclipse.lsp4j.jsonrpc.RemoteEndpoint handleCancellation
WARNING: Unmatched cancel notification for request id 1779
2024.08.06 14:14:27 INFO  compiling week-4-types-and-pattern-matching (2 scala sources)
2024.08.06 14:14:27 INFO  time: compiled week-4-types-and-pattern-matching in 0.2s
2024.08.06 14:15:04 INFO  compiling week-4-types-and-pattern-matching (2 scala sources)
2024.08.06 14:15:04 INFO  time: compiled week-4-types-and-pattern-matching in 0.18s
2024.08.06 14:17:44 INFO  compiling week-4-types-and-pattern-matching (2 scala sources)
2024.08.06 14:17:44 INFO  time: compiled week-4-types-and-pattern-matching in 0.18s
2024.08.06 14:17:58 INFO  compiling week-4-types-and-pattern-matching (2 scala sources)
2024.08.06 14:17:58 INFO  time: compiled week-4-types-and-pattern-matching in 0.17s
2024.08.06 14:18:06 INFO  compiling week-4-types-and-pattern-matching (2 scala sources)
2024.08.06 14:18:06 INFO  time: compiled week-4-types-and-pattern-matching in 0.19s
2024.08.06 14:19:03 INFO  compiling week-4-types-and-pattern-matching (2 scala sources)
2024.08.06 14:19:03 INFO  time: compiled week-4-types-and-pattern-matching in 0.15s
2024.08.06 14:19:56 INFO  compiling week-4-types-and-pattern-matching (2 scala sources)
2024.08.06 14:19:56 INFO  time: compiled week-4-types-and-pattern-matching in 0.14s
2024.08.06 14:20:00 INFO  compiling week-4-types-and-pattern-matching (2 scala sources)
2024.08.06 14:20:00 INFO  time: compiled week-4-types-and-pattern-matching in 0.22s
2024.08.06 14:20:05 INFO  compiling week-4-types-and-pattern-matching (2 scala sources)
2024.08.06 14:20:05 INFO  time: compiled week-4-types-and-pattern-matching in 0.13s
2024.08.06 14:20:37 INFO  compiling week-4-types-and-pattern-matching (2 scala sources)
2024.08.06 14:20:37 INFO  time: compiled week-4-types-and-pattern-matching in 0.14s
2024.08.06 14:21:22 INFO  compiling week-4-types-and-pattern-matching (2 scala sources)
2024.08.06 14:21:22 INFO  time: compiled week-4-types-and-pattern-matching in 0.24s
2024.08.06 14:21:24 INFO  compiling week-4-types-and-pattern-matching (2 scala sources)
2024.08.06 14:21:24 INFO  time: compiled week-4-types-and-pattern-matching in 0.14s
2024.08.06 14:22:48 INFO  compiling week-4-types-and-pattern-matching (2 scala sources)
2024.08.06 14:22:48 INFO  time: compiled week-4-types-and-pattern-matching in 70ms
2024.08.06 14:22:58 INFO  compiling week-4-types-and-pattern-matching (2 scala sources)
2024.08.06 14:22:58 INFO  time: compiled week-4-types-and-pattern-matching in 0.11s
2024.08.06 14:23:36 INFO  compiling week-4-types-and-pattern-matching (2 scala sources)
2024.08.06 14:23:36 INFO  time: compiled week-4-types-and-pattern-matching in 0.11s
2024.08.06 14:24:07 INFO  compiling week-4-types-and-pattern-matching (2 scala sources)
2024.08.06 14:24:07 INFO  time: compiled week-4-types-and-pattern-matching in 0.14s
2024.08.06 14:25:17 INFO  compiling week-4-types-and-pattern-matching (2 scala sources)
2024.08.06 14:25:17 INFO  time: compiled week-4-types-and-pattern-matching in 0.22s
2024.08.06 14:25:21 INFO  compiling week-4-types-and-pattern-matching (2 scala sources)
2024.08.06 14:25:21 INFO  time: compiled week-4-types-and-pattern-matching in 0.21s
2024.08.06 14:33:49 INFO  compiling week-4-types-and-pattern-matching (2 scala sources)
2024.08.06 14:33:49 INFO  time: compiled week-4-types-and-pattern-matching in 0.19s
2024.08.06 14:34:24 INFO  compiling week-4-types-and-pattern-matching (2 scala sources)
2024.08.06 14:34:24 INFO  time: compiled week-4-types-and-pattern-matching in 0.11s
2024.08.06 14:34:54 INFO  compiling week-4-types-and-pattern-matching (2 scala sources)
2024.08.06 14:34:54 INFO  time: compiled week-4-types-and-pattern-matching in 0.1s
2024.08.06 14:35:13 INFO  compiling week-4-types-and-pattern-matching (2 scala sources)
2024.08.06 14:35:13 INFO  time: compiled week-4-types-and-pattern-matching in 0.1s
2024.08.06 14:35:17 INFO  compiling week-4-types-and-pattern-matching (2 scala sources)
2024.08.06 14:35:17 INFO  time: compiled week-4-types-and-pattern-matching in 68ms
Aug 06, 2024 2:35:18 PM org.eclipse.lsp4j.jsonrpc.RemoteEndpoint handleCancellation
WARNING: Unmatched cancel notification for request id 3785
2024.08.06 14:35:27 INFO  compiling week-4-types-and-pattern-matching (2 scala sources)
2024.08.06 14:35:27 INFO  time: compiled week-4-types-and-pattern-matching in 0.17s
Exception in thread "pool-5-thread-1" java.lang.InterruptedException
	at scala.meta.internal.metals.FutureCancelToken.checkCanceled(FutureCancelToken.scala:29)
	at scala.meta.internal.pc.CompilerAccess.onCompilerJobQueue$$anonfun$1(CompilerAccess.scala:243)
	at scala.meta.internal.pc.CompilerJobQueue$Job.run(CompilerJobQueue.scala:152)
	at java.base/java.util.concurrent.ThreadPoolExecutor.runWorker(ThreadPoolExecutor.java:1136)
	at java.base/java.util.concurrent.ThreadPoolExecutor$Worker.run(ThreadPoolExecutor.java:635)
	at java.base/java.lang.Thread.run(Thread.java:833)
2024.08.06 14:35:43 INFO  compiling week-4-types-and-pattern-matching (2 scala sources)
2024.08.06 14:35:43 INFO  time: compiled week-4-types-and-pattern-matching in 85ms
2024.08.06 14:36:00 INFO  compiling week-4-types-and-pattern-matching (2 scala sources)
2024.08.06 14:36:00 INFO  time: compiled week-4-types-and-pattern-matching in 0.16s
2024.08.06 14:36:11 INFO  compiling week-4-types-and-pattern-matching (2 scala sources)
2024.08.06 14:36:11 INFO  time: compiled week-4-types-and-pattern-matching in 0.16s
2024.08.06 14:36:34 INFO  compiling week-4-types-and-pattern-matching (2 scala sources)
2024.08.06 14:36:34 INFO  time: compiled week-4-types-and-pattern-matching in 0.14s
2024.08.06 14:38:03 INFO  compiling week-4-types-and-pattern-matching (2 scala sources)
2024.08.06 14:38:03 INFO  time: compiled week-4-types-and-pattern-matching in 0.17s
Aug 06, 2024 2:38:36 PM org.eclipse.lsp4j.jsonrpc.RemoteEndpoint handleCancellation
WARNING: Unmatched cancel notification for request id 4512
2024.08.06 14:38:37 INFO  compiling week-4-types-and-pattern-matching (2 scala sources)
2024.08.06 14:38:37 INFO  time: compiled week-4-types-and-pattern-matching in 76ms
2024.08.06 14:38:45 INFO  compiling week-4-types-and-pattern-matching (2 scala sources)
2024.08.06 14:38:45 INFO  time: compiled week-4-types-and-pattern-matching in 67ms
2024.08.06 14:38:47 INFO  compiling week-4-types-and-pattern-matching (2 scala sources)
2024.08.06 14:38:47 INFO  time: compiled week-4-types-and-pattern-matching in 0.1s
2024.08.06 14:39:02 INFO  compiling week-4-types-and-pattern-matching (2 scala sources)
2024.08.06 14:39:02 INFO  time: compiled week-4-types-and-pattern-matching in 60ms
2024.08.06 14:39:05 INFO  compiling week-4-types-and-pattern-matching (2 scala sources)
2024.08.06 14:39:05 INFO  time: compiled week-4-types-and-pattern-matching in 0.17s
2024.08.06 14:39:41 INFO  compiling week-4-types-and-pattern-matching (2 scala sources)
2024.08.06 14:39:41 INFO  time: compiled week-4-types-and-pattern-matching in 0.14s
2024.08.06 14:39:42 WARN  Could not load snapshot text for /home/freshpate/git/scala-course/Functional Programming Principles in Scala/Week 4 - Types and Pattern Matching/src/main/scala/patmat/Huffman.scala
2024.08.06 14:39:47 WARN  Could not load snapshot text for /home/freshpate/git/scala-course/Functional Programming Principles in Scala/Week 4 - Types and Pattern Matching/src/main/scala/patmat/Huffman.scala
2024.08.06 14:39:48 WARN  Could not load snapshot text for /home/freshpate/git/scala-course/Functional Programming Principles in Scala/Week 4 - Types and Pattern Matching/src/main/scala/patmat/Huffman.scala
2024.08.06 14:39:48 WARN  Could not load snapshot text for /home/freshpate/git/scala-course/Functional Programming Principles in Scala/Week 4 - Types and Pattern Matching/src/main/scala/patmat/Huffman.scala
2024.08.06 14:39:49 WARN  Could not load snapshot text for /home/freshpate/git/scala-course/Functional Programming Principles in Scala/Week 4 - Types and Pattern Matching/src/main/scala/patmat/Huffman.scala
2024.08.06 14:39:51 WARN  Could not load snapshot text for /home/freshpate/git/scala-course/Functional Programming Principles in Scala/Week 4 - Types and Pattern Matching/src/main/scala/patmat/Huffman.scala
2024.08.06 14:39:51 WARN  Could not load snapshot text for /home/freshpate/git/scala-course/Functional Programming Principles in Scala/Week 4 - Types and Pattern Matching/src/main/scala/patmat/Huffman.scala
2024.08.06 14:39:51 WARN  Could not load snapshot text for /home/freshpate/git/scala-course/Functional Programming Principles in Scala/Week 4 - Types and Pattern Matching/src/main/scala/patmat/Huffman.scala
2024.08.06 14:39:52 WARN  Could not load snapshot text for /home/freshpate/git/scala-course/Functional Programming Principles in Scala/Week 4 - Types and Pattern Matching/src/main/scala/patmat/Huffman.scala
2024.08.06 14:39:54 WARN  Could not load snapshot text for /home/freshpate/git/scala-course/Functional Programming Principles in Scala/Week 4 - Types and Pattern Matching/src/main/scala/patmat/Huffman.scala
2024.08.06 14:39:55 WARN  Could not load snapshot text for /home/freshpate/git/scala-course/Functional Programming Principles in Scala/Week 4 - Types and Pattern Matching/src/main/scala/patmat/Huffman.scala
2024.08.06 14:40:01 WARN  Could not load snapshot text for /home/freshpate/git/scala-course/Functional Programming Principles in Scala/Week 4 - Types and Pattern Matching/src/main/scala/patmat/Huffman.scala
2024.08.06 14:40:02 WARN  Could not load snapshot text for /home/freshpate/git/scala-course/Functional Programming Principles in Scala/Week 4 - Types and Pattern Matching/src/main/scala/patmat/Huffman.scala
2024.08.06 14:40:06 WARN  Could not load snapshot text for /home/freshpate/git/scala-course/Functional Programming Principles in Scala/Week 4 - Types and Pattern Matching/src/main/scala/patmat/Huffman.scala
2024.08.06 14:40:07 WARN  Could not load snapshot text for /home/freshpate/git/scala-course/Functional Programming Principles in Scala/Week 4 - Types and Pattern Matching/src/main/scala/patmat/Huffman.scala
2024.08.06 14:40:07 WARN  Could not load snapshot text for /home/freshpate/git/scala-course/Functional Programming Principles in Scala/Week 4 - Types and Pattern Matching/src/main/scala/patmat/Huffman.scala
2024.08.06 14:40:09 INFO  compiling week-4-types-and-pattern-matching (2 scala sources)
2024.08.06 14:40:09 INFO  time: compiled week-4-types-and-pattern-matching in 0.17s
2024.08.06 14:40:10 WARN  Could not load snapshot text for /home/freshpate/git/scala-course/Functional Programming Principles in Scala/Week 4 - Types and Pattern Matching/src/main/scala/patmat/Huffman.scala
2024.08.06 14:40:18 WARN  Could not load snapshot text for /home/freshpate/git/scala-course/Functional Programming Principles in Scala/Week 4 - Types and Pattern Matching/src/main/scala/patmat/Huffman.scala
2024.08.06 14:40:20 WARN  Could not load snapshot text for /home/freshpate/git/scala-course/Functional Programming Principles in Scala/Week 4 - Types and Pattern Matching/src/main/scala/patmat/Huffman.scala
2024.08.06 14:40:21 WARN  Could not load snapshot text for /home/freshpate/git/scala-course/Functional Programming Principles in Scala/Week 4 - Types and Pattern Matching/src/main/scala/patmat/Huffman.scala
2024.08.06 14:40:22 WARN  Could not load snapshot text for /home/freshpate/git/scala-course/Functional Programming Principles in Scala/Week 4 - Types and Pattern Matching/src/main/scala/patmat/Huffman.scala
2024.08.06 14:40:22 WARN  Could not load snapshot text for /home/freshpate/git/scala-course/Functional Programming Principles in Scala/Week 4 - Types and Pattern Matching/src/main/scala/patmat/Huffman.scala
2024.08.06 14:40:23 WARN  Could not load snapshot text for /home/freshpate/git/scala-course/Functional Programming Principles in Scala/Week 4 - Types and Pattern Matching/src/main/scala/patmat/Huffman.scala
2024.08.06 14:40:23 INFO  compiling week-4-types-and-pattern-matching (2 scala sources)
2024.08.06 14:40:23 INFO  time: compiled week-4-types-and-pattern-matching in 0.13s
2024.08.06 14:40:24 WARN  Could not load snapshot text for /home/freshpate/git/scala-course/Functional Programming Principles in Scala/Week 4 - Types and Pattern Matching/src/main/scala/patmat/Huffman.scala
2024.08.06 14:40:31 WARN  Could not load snapshot text for /home/freshpate/git/scala-course/Functional Programming Principles in Scala/Week 4 - Types and Pattern Matching/src/main/scala/patmat/Huffman.scala
2024.08.06 14:40:32 WARN  Could not load snapshot text for /home/freshpate/git/scala-course/Functional Programming Principles in Scala/Week 4 - Types and Pattern Matching/src/main/scala/patmat/Huffman.scala
2024.08.06 14:40:40 WARN  Could not load snapshot text for /home/freshpate/git/scala-course/Functional Programming Principles in Scala/Week 4 - Types and Pattern Matching/src/main/scala/patmat/Huffman.scala
2024.08.06 14:40:41 WARN  Could not load snapshot text for /home/freshpate/git/scala-course/Functional Programming Principles in Scala/Week 4 - Types and Pattern Matching/src/main/scala/patmat/Huffman.scala
2024.08.06 14:40:42 WARN  Could not load snapshot text for /home/freshpate/git/scala-course/Functional Programming Principles in Scala/Week 4 - Types and Pattern Matching/src/main/scala/patmat/Huffman.scala
2024.08.06 14:40:43 WARN  Could not load snapshot text for /home/freshpate/git/scala-course/Functional Programming Principles in Scala/Week 4 - Types and Pattern Matching/src/main/scala/patmat/Huffman.scala
2024.08.06 14:40:44 WARN  Could not load snapshot text for /home/freshpate/git/scala-course/Functional Programming Principles in Scala/Week 4 - Types and Pattern Matching/src/main/scala/patmat/Huffman.scala
2024.08.06 14:40:45 WARN  Could not load snapshot text for /home/freshpate/git/scala-course/Functional Programming Principles in Scala/Week 4 - Types and Pattern Matching/src/main/scala/patmat/Huffman.scala
2024.08.06 14:40:45 WARN  Could not load snapshot text for /home/freshpate/git/scala-course/Functional Programming Principles in Scala/Week 4 - Types and Pattern Matching/src/main/scala/patmat/Huffman.scala
2024.08.06 14:40:45 INFO  compiling week-4-types-and-pattern-matching (2 scala sources)
2024.08.06 14:40:45 INFO  time: compiled week-4-types-and-pattern-matching in 92ms
2024.08.06 14:40:46 WARN  Could not load snapshot text for /home/freshpate/git/scala-course/Functional Programming Principles in Scala/Week 4 - Types and Pattern Matching/src/main/scala/patmat/Huffman.scala
2024.08.06 14:40:47 WARN  Could not load snapshot text for /home/freshpate/git/scala-course/Functional Programming Principles in Scala/Week 4 - Types and Pattern Matching/src/main/scala/patmat/Huffman.scala
2024.08.06 14:40:57 WARN  Could not load snapshot text for /home/freshpate/git/scala-course/Functional Programming Principles in Scala/Week 4 - Types and Pattern Matching/src/main/scala/patmat/Huffman.scala
2024.08.06 14:40:57 WARN  Could not load snapshot text for /home/freshpate/git/scala-course/Functional Programming Principles in Scala/Week 4 - Types and Pattern Matching/src/main/scala/patmat/Huffman.scala
2024.08.06 14:40:57 WARN  Could not load snapshot text for /home/freshpate/git/scala-course/Functional Programming Principles in Scala/Week 4 - Types and Pattern Matching/src/main/scala/patmat/Huffman.scala
2024.08.06 14:40:58 INFO  compiling week-4-types-and-pattern-matching (2 scala sources)
2024.08.06 14:40:58 INFO  time: compiled week-4-types-and-pattern-matching in 0.14s
2024.08.06 14:40:59 WARN  Could not load snapshot text for /home/freshpate/git/scala-course/Functional Programming Principles in Scala/Week 4 - Types and Pattern Matching/src/main/scala/patmat/Huffman.scala
2024.08.06 14:41:04 WARN  Could not load snapshot text for /home/freshpate/git/scala-course/Functional Programming Principles in Scala/Week 4 - Types and Pattern Matching/src/main/scala/patmat/Huffman.scala
2024.08.06 14:41:04 WARN  Could not load snapshot text for /home/freshpate/git/scala-course/Functional Programming Principles in Scala/Week 4 - Types and Pattern Matching/src/main/scala/patmat/Huffman.scala
2024.08.06 14:41:05 INFO  compiling week-4-types-and-pattern-matching (2 scala sources)
2024.08.06 14:41:05 WARN  Could not load snapshot text for /home/freshpate/git/scala-course/Functional Programming Principles in Scala/Week 4 - Types and Pattern Matching/src/main/scala/patmat/Huffman.scala
2024.08.06 14:41:05 INFO  time: compiled week-4-types-and-pattern-matching in 72ms
2024.08.06 14:41:05 WARN  Could not load snapshot text for /home/freshpate/git/scala-course/Functional Programming Principles in Scala/Week 4 - Types and Pattern Matching/src/main/scala/patmat/Huffman.scala
2024.08.06 14:41:12 WARN  Could not load snapshot text for /home/freshpate/git/scala-course/Functional Programming Principles in Scala/Week 4 - Types and Pattern Matching/src/main/scala/patmat/Huffman.scala
2024.08.06 14:41:12 WARN  Could not load snapshot text for /home/freshpate/git/scala-course/Functional Programming Principles in Scala/Week 4 - Types and Pattern Matching/src/main/scala/patmat/Huffman.scala
2024.08.06 14:41:13 WARN  Could not load snapshot text for /home/freshpate/git/scala-course/Functional Programming Principles in Scala/Week 4 - Types and Pattern Matching/src/main/scala/patmat/Huffman.scala
2024.08.06 14:41:14 WARN  Could not load snapshot text for /home/freshpate/git/scala-course/Functional Programming Principles in Scala/Week 4 - Types and Pattern Matching/src/main/scala/patmat/Huffman.scala
2024.08.06 14:41:16 WARN  Could not load snapshot text for /home/freshpate/git/scala-course/Functional Programming Principles in Scala/Week 4 - Types and Pattern Matching/src/main/scala/patmat/Huffman.scala
2024.08.06 14:41:16 INFO  compiling week-4-types-and-pattern-matching (2 scala sources)
2024.08.06 14:41:16 INFO  time: compiled week-4-types-and-pattern-matching in 0.17s
2024.08.06 14:41:29 INFO  compiling week-4-types-and-pattern-matching (2 scala sources)
2024.08.06 14:41:29 INFO  time: compiled week-4-types-and-pattern-matching in 0.14s
2024.08.06 14:41:52 INFO  compiling week-4-types-and-pattern-matching (2 scala sources)
2024.08.06 14:41:52 INFO  time: compiled week-4-types-and-pattern-matching in 0.17s
2024.08.06 14:42:10 INFO  compiling week-4-types-and-pattern-matching (2 scala sources)
2024.08.06 14:42:10 INFO  time: compiled week-4-types-and-pattern-matching in 0.16s
2024.08.06 14:43:17 INFO  compiling week-4-types-and-pattern-matching (2 scala sources)
2024.08.06 14:43:17 INFO  time: compiled week-4-types-and-pattern-matching in 0.17s
2024.08.06 14:44:43 INFO  compiling week-4-types-and-pattern-matching (2 scala sources)
2024.08.06 14:44:43 INFO  time: compiled week-4-types-and-pattern-matching in 0.17s
2024.08.06 14:45:43 INFO  compiling week-4-types-and-pattern-matching (2 scala sources)
2024.08.06 14:45:43 INFO  time: compiled week-4-types-and-pattern-matching in 0.16s
2024.08.06 14:47:25 INFO  compiling week-4-types-and-pattern-matching (2 scala sources)
2024.08.06 14:47:25 INFO  time: compiled week-4-types-and-pattern-matching in 0.19s
2024.08.06 14:48:38 INFO  compiling week-4-types-and-pattern-matching (2 scala sources)
2024.08.06 14:48:38 WARN  Could not load snapshot text for /home/freshpate/git/scala-course/Functional Programming Principles in Scala/Week 4 - Types and Pattern Matching/src/main/scala/patmat/Huffman.scala
2024.08.06 14:48:38 INFO  time: compiled week-4-types-and-pattern-matching in 0.17s
2024.08.06 14:49:42 INFO  compiling week-4-types-and-pattern-matching (2 scala sources)
2024.08.06 14:49:42 INFO  time: compiled week-4-types-and-pattern-matching in 0.14s
2024.08.06 14:50:35 INFO  compiling week-4-types-and-pattern-matching (2 scala sources)
2024.08.06 14:50:35 INFO  time: compiled week-4-types-and-pattern-matching in 0.19s
2024.08.06 14:52:21 INFO  compiling week-4-types-and-pattern-matching (2 scala sources)
2024.08.06 14:52:21 INFO  time: compiled week-4-types-and-pattern-matching in 0.17s
2024.08.06 14:52:37 INFO  compiling week-4-types-and-pattern-matching (2 scala sources)
2024.08.06 14:52:37 INFO  time: compiled week-4-types-and-pattern-matching in 0.17s
2024.08.06 14:52:41 INFO  compiling week-4-types-and-pattern-matching (2 scala sources)
2024.08.06 14:52:41 INFO  time: compiled week-4-types-and-pattern-matching in 0.16s
2024.08.06 15:26:42 INFO  compiling week-4-types-and-pattern-matching (2 scala sources)
2024.08.06 15:26:42 INFO  time: compiled week-4-types-and-pattern-matching in 0.15s
2024.08.06 15:30:11 INFO  compiling week-4-types-and-pattern-matching (2 scala sources)
2024.08.06 15:30:11 INFO  time: compiled week-4-types-and-pattern-matching in 0.15s
2024.08.06 15:30:40 INFO  compiling week-4-types-and-pattern-matching (2 scala sources)
2024.08.06 15:30:40 INFO  time: compiled week-4-types-and-pattern-matching in 0.17s
2024.08.06 15:31:53 INFO  compiling week-4-types-and-pattern-matching (2 scala sources)
2024.08.06 15:31:53 INFO  time: compiled week-4-types-and-pattern-matching in 90ms
2024.08.06 15:31:56 INFO  compiling week-4-types-and-pattern-matching (2 scala sources)
2024.08.06 15:31:56 INFO  time: compiled week-4-types-and-pattern-matching in 0.14s
2024.08.06 15:32:52 INFO  compiling week-4-types-and-pattern-matching (2 scala sources)
2024.08.06 15:32:52 INFO  time: compiled week-4-types-and-pattern-matching in 0.15s
2024.08.06 15:35:59 INFO  compiling week-4-types-and-pattern-matching (2 scala sources)
2024.08.06 15:35:59 INFO  time: compiled week-4-types-and-pattern-matching in 0.15s
2024.08.06 15:37:32 INFO  compiling week-4-types-and-pattern-matching (2 scala sources)
2024.08.06 15:37:32 INFO  time: compiled week-4-types-and-pattern-matching in 85ms
2024.08.06 15:37:35 INFO  compiling week-4-types-and-pattern-matching (2 scala sources)
2024.08.06 15:37:35 INFO  time: compiled week-4-types-and-pattern-matching in 0.15s
2024.08.06 15:37:51 INFO  compiling week-4-types-and-pattern-matching (2 scala sources)
2024.08.06 15:37:51 INFO  time: compiled week-4-types-and-pattern-matching in 0.16s
2024.08.06 15:37:54 INFO  compiling week-4-types-and-pattern-matching (2 scala sources)
2024.08.06 15:37:54 INFO  time: compiled week-4-types-and-pattern-matching in 0.17s
Aug 06, 2024 3:37:54 PM org.eclipse.lsp4j.jsonrpc.RemoteEndpoint fallbackResponseError
SEVERE: Internal error: scala.meta.internal.metals.debug.DiscoveryFailures$WorkspaceErrorsException$: Cannot run class, since the workspace has errors.
java.util.concurrent.CompletionException: scala.meta.internal.metals.debug.DiscoveryFailures$WorkspaceErrorsException$: Cannot run class, since the workspace has errors.
	at java.base/java.util.concurrent.CompletableFuture.encodeThrowable(CompletableFuture.java:332)
	at java.base/java.util.concurrent.CompletableFuture.completeThrowable(CompletableFuture.java:347)
	at java.base/java.util.concurrent.CompletableFuture$UniAccept.tryFire(CompletableFuture.java:708)
	at java.base/java.util.concurrent.CompletableFuture.postComplete(CompletableFuture.java:510)
	at java.base/java.util.concurrent.CompletableFuture.completeExceptionally(CompletableFuture.java:2162)
	at scala.concurrent.java8.FuturesConvertersImpl$CF.apply(FutureConvertersImpl.scala:29)
	at scala.concurrent.java8.FuturesConvertersImpl$CF.apply(FutureConvertersImpl.scala:26)
	at scala.concurrent.impl.Promise$Transformation.run(Promise.scala:484)
	at scala.concurrent.ExecutionContext$parasitic$.execute(ExecutionContext.scala:222)
	at scala.concurrent.impl.Promise$Transformation.submitWithValue(Promise.scala:429)
	at scala.concurrent.impl.Promise$DefaultPromise.submitWithValue(Promise.scala:338)
	at scala.concurrent.impl.Promise$DefaultPromise.tryComplete0(Promise.scala:285)
	at scala.concurrent.impl.Promise$Transformation.run(Promise.scala:504)
	at java.base/java.util.concurrent.ThreadPoolExecutor.runWorker(ThreadPoolExecutor.java:1136)
	at java.base/java.util.concurrent.ThreadPoolExecutor$Worker.run(ThreadPoolExecutor.java:635)
	at java.base/java.lang.Thread.run(Thread.java:833)
Caused by: scala.meta.internal.metals.debug.DiscoveryFailures$WorkspaceErrorsException$: Cannot run class, since the workspace has errors.
	at scala.meta.internal.metals.debug.DiscoveryFailures$WorkspaceErrorsException$.<clinit>(DiscoveryFailures.scala:53)
	at scala.meta.internal.metals.debug.DebugProvider.ensureNoWorkspaceErrors(DebugProvider.scala:440)
	at scala.meta.internal.metals.debug.DebugProvider.$anonfun$startTestSuite$5(DebugProvider.scala:612)
	at scala.concurrent.impl.Promise$Transformation.run(Promise.scala:470)
	... 3 more

2024.08.06 15:38:01 INFO  compiling week-4-types-and-pattern-matching (2 scala sources)
2024.08.06 15:38:01 INFO  time: compiled week-4-types-and-pattern-matching in 0.14s
Aug 06, 2024 3:38:01 PM org.eclipse.lsp4j.jsonrpc.RemoteEndpoint fallbackResponseError
SEVERE: Internal error: scala.meta.internal.metals.debug.DiscoveryFailures$WorkspaceErrorsException$: Cannot run class, since the workspace has errors.
java.util.concurrent.CompletionException: scala.meta.internal.metals.debug.DiscoveryFailures$WorkspaceErrorsException$: Cannot run class, since the workspace has errors.
	at java.base/java.util.concurrent.CompletableFuture.encodeThrowable(CompletableFuture.java:332)
	at java.base/java.util.concurrent.CompletableFuture.completeThrowable(CompletableFuture.java:347)
	at java.base/java.util.concurrent.CompletableFuture$UniAccept.tryFire(CompletableFuture.java:708)
	at java.base/java.util.concurrent.CompletableFuture.postComplete(CompletableFuture.java:510)
	at java.base/java.util.concurrent.CompletableFuture.completeExceptionally(CompletableFuture.java:2162)
	at scala.concurrent.java8.FuturesConvertersImpl$CF.apply(FutureConvertersImpl.scala:29)
	at scala.concurrent.java8.FuturesConvertersImpl$CF.apply(FutureConvertersImpl.scala:26)
	at scala.concurrent.impl.Promise$Transformation.run(Promise.scala:484)
	at scala.concurrent.ExecutionContext$parasitic$.execute(ExecutionContext.scala:222)
	at scala.concurrent.impl.Promise$Transformation.submitWithValue(Promise.scala:429)
	at scala.concurrent.impl.Promise$DefaultPromise.submitWithValue(Promise.scala:338)
	at scala.concurrent.impl.Promise$DefaultPromise.tryComplete0(Promise.scala:285)
	at scala.concurrent.impl.Promise$Transformation.run(Promise.scala:504)
	at java.base/java.util.concurrent.ThreadPoolExecutor.runWorker(ThreadPoolExecutor.java:1136)
	at java.base/java.util.concurrent.ThreadPoolExecutor$Worker.run(ThreadPoolExecutor.java:635)
	at java.base/java.lang.Thread.run(Thread.java:833)
Caused by: scala.meta.internal.metals.debug.DiscoveryFailures$WorkspaceErrorsException$: Cannot run class, since the workspace has errors.
	at scala.meta.internal.metals.debug.DiscoveryFailures$WorkspaceErrorsException$.<clinit>(DiscoveryFailures.scala:53)
	at scala.meta.internal.metals.debug.DebugProvider.ensureNoWorkspaceErrors(DebugProvider.scala:440)
	at scala.meta.internal.metals.debug.DebugProvider.$anonfun$startTestSuite$5(DebugProvider.scala:612)
	at scala.concurrent.impl.Promise$Transformation.run(Promise.scala:470)
	... 3 more

2024.08.06 15:38:02 INFO  compiling week-4-types-and-pattern-matching (2 scala sources)
2024.08.06 15:38:02 INFO  time: compiled week-4-types-and-pattern-matching in 0.16s
Aug 06, 2024 3:38:02 PM org.eclipse.lsp4j.jsonrpc.RemoteEndpoint fallbackResponseError
SEVERE: Internal error: scala.meta.internal.metals.debug.DiscoveryFailures$WorkspaceErrorsException$: Cannot run class, since the workspace has errors.
java.util.concurrent.CompletionException: scala.meta.internal.metals.debug.DiscoveryFailures$WorkspaceErrorsException$: Cannot run class, since the workspace has errors.
	at java.base/java.util.concurrent.CompletableFuture.encodeThrowable(CompletableFuture.java:332)
	at java.base/java.util.concurrent.CompletableFuture.completeThrowable(CompletableFuture.java:347)
	at java.base/java.util.concurrent.CompletableFuture$UniAccept.tryFire(CompletableFuture.java:708)
	at java.base/java.util.concurrent.CompletableFuture.postComplete(CompletableFuture.java:510)
	at java.base/java.util.concurrent.CompletableFuture.completeExceptionally(CompletableFuture.java:2162)
	at scala.concurrent.java8.FuturesConvertersImpl$CF.apply(FutureConvertersImpl.scala:29)
	at scala.concurrent.java8.FuturesConvertersImpl$CF.apply(FutureConvertersImpl.scala:26)
	at scala.concurrent.impl.Promise$Transformation.run(Promise.scala:484)
	at scala.concurrent.ExecutionContext$parasitic$.execute(ExecutionContext.scala:222)
	at scala.concurrent.impl.Promise$Transformation.submitWithValue(Promise.scala:429)
	at scala.concurrent.impl.Promise$DefaultPromise.submitWithValue(Promise.scala:338)
	at scala.concurrent.impl.Promise$DefaultPromise.tryComplete0(Promise.scala:285)
	at scala.concurrent.impl.Promise$Transformation.run(Promise.scala:504)
	at java.base/java.util.concurrent.ThreadPoolExecutor.runWorker(ThreadPoolExecutor.java:1136)
	at java.base/java.util.concurrent.ThreadPoolExecutor$Worker.run(ThreadPoolExecutor.java:635)
	at java.base/java.lang.Thread.run(Thread.java:833)
Caused by: scala.meta.internal.metals.debug.DiscoveryFailures$WorkspaceErrorsException$: Cannot run class, since the workspace has errors.
	at scala.meta.internal.metals.debug.DiscoveryFailures$WorkspaceErrorsException$.<clinit>(DiscoveryFailures.scala:53)
	at scala.meta.internal.metals.debug.DebugProvider.ensureNoWorkspaceErrors(DebugProvider.scala:440)
	at scala.meta.internal.metals.debug.DebugProvider.$anonfun$startTestSuite$5(DebugProvider.scala:612)
	at scala.concurrent.impl.Promise$Transformation.run(Promise.scala:470)
	... 3 more

2024.08.06 15:38:04 INFO  compiling week-4-types-and-pattern-matching (2 scala sources)
2024.08.06 15:38:04 INFO  time: compiled week-4-types-and-pattern-matching in 0.15s
Aug 06, 2024 3:38:04 PM org.eclipse.lsp4j.jsonrpc.RemoteEndpoint fallbackResponseError
SEVERE: Internal error: scala.meta.internal.metals.debug.DiscoveryFailures$WorkspaceErrorsException$: Cannot run class, since the workspace has errors.
java.util.concurrent.CompletionException: scala.meta.internal.metals.debug.DiscoveryFailures$WorkspaceErrorsException$: Cannot run class, since the workspace has errors.
	at java.base/java.util.concurrent.CompletableFuture.encodeThrowable(CompletableFuture.java:332)
	at java.base/java.util.concurrent.CompletableFuture.completeThrowable(CompletableFuture.java:347)
	at java.base/java.util.concurrent.CompletableFuture$UniAccept.tryFire(CompletableFuture.java:708)
	at java.base/java.util.concurrent.CompletableFuture.postComplete(CompletableFuture.java:510)
	at java.base/java.util.concurrent.CompletableFuture.completeExceptionally(CompletableFuture.java:2162)
	at scala.concurrent.java8.FuturesConvertersImpl$CF.apply(FutureConvertersImpl.scala:29)
	at scala.concurrent.java8.FuturesConvertersImpl$CF.apply(FutureConvertersImpl.scala:26)
	at scala.concurrent.impl.Promise$Transformation.run(Promise.scala:484)
	at scala.concurrent.ExecutionContext$parasitic$.execute(ExecutionContext.scala:222)
	at scala.concurrent.impl.Promise$Transformation.submitWithValue(Promise.scala:429)
	at scala.concurrent.impl.Promise$DefaultPromise.submitWithValue(Promise.scala:338)
	at scala.concurrent.impl.Promise$DefaultPromise.tryComplete0(Promise.scala:285)
	at scala.concurrent.impl.Promise$Transformation.run(Promise.scala:504)
	at java.base/java.util.concurrent.ThreadPoolExecutor.runWorker(ThreadPoolExecutor.java:1136)
	at java.base/java.util.concurrent.ThreadPoolExecutor$Worker.run(ThreadPoolExecutor.java:635)
	at java.base/java.lang.Thread.run(Thread.java:833)
Caused by: scala.meta.internal.metals.debug.DiscoveryFailures$WorkspaceErrorsException$: Cannot run class, since the workspace has errors.
	at scala.meta.internal.metals.debug.DiscoveryFailures$WorkspaceErrorsException$.<clinit>(DiscoveryFailures.scala:53)
	at scala.meta.internal.metals.debug.DebugProvider.ensureNoWorkspaceErrors(DebugProvider.scala:440)
	at scala.meta.internal.metals.debug.DebugProvider.$anonfun$startTestSuite$5(DebugProvider.scala:612)
	at scala.concurrent.impl.Promise$Transformation.run(Promise.scala:470)
	... 3 more

2024.08.06 15:38:06 INFO  compiling week-4-types-and-pattern-matching (2 scala sources)
2024.08.06 15:38:06 INFO  time: compiled week-4-types-and-pattern-matching in 0.15s
Aug 06, 2024 3:38:06 PM org.eclipse.lsp4j.jsonrpc.RemoteEndpoint fallbackResponseError
SEVERE: Internal error: scala.meta.internal.metals.debug.DiscoveryFailures$WorkspaceErrorsException$: Cannot run class, since the workspace has errors.
java.util.concurrent.CompletionException: scala.meta.internal.metals.debug.DiscoveryFailures$WorkspaceErrorsException$: Cannot run class, since the workspace has errors.
	at java.base/java.util.concurrent.CompletableFuture.encodeThrowable(CompletableFuture.java:332)
	at java.base/java.util.concurrent.CompletableFuture.completeThrowable(CompletableFuture.java:347)
	at java.base/java.util.concurrent.CompletableFuture$UniAccept.tryFire(CompletableFuture.java:708)
	at java.base/java.util.concurrent.CompletableFuture.postComplete(CompletableFuture.java:510)
	at java.base/java.util.concurrent.CompletableFuture.completeExceptionally(CompletableFuture.java:2162)
	at scala.concurrent.java8.FuturesConvertersImpl$CF.apply(FutureConvertersImpl.scala:29)
	at scala.concurrent.java8.FuturesConvertersImpl$CF.apply(FutureConvertersImpl.scala:26)
	at scala.concurrent.impl.Promise$Transformation.run(Promise.scala:484)
	at scala.concurrent.ExecutionContext$parasitic$.execute(ExecutionContext.scala:222)
	at scala.concurrent.impl.Promise$Transformation.submitWithValue(Promise.scala:429)
	at scala.concurrent.impl.Promise$DefaultPromise.submitWithValue(Promise.scala:338)
	at scala.concurrent.impl.Promise$DefaultPromise.tryComplete0(Promise.scala:285)
	at scala.concurrent.impl.Promise$Transformation.run(Promise.scala:504)
	at java.base/java.util.concurrent.ThreadPoolExecutor.runWorker(ThreadPoolExecutor.java:1136)
	at java.base/java.util.concurrent.ThreadPoolExecutor$Worker.run(ThreadPoolExecutor.java:635)
	at java.base/java.lang.Thread.run(Thread.java:833)
Caused by: scala.meta.internal.metals.debug.DiscoveryFailures$WorkspaceErrorsException$: Cannot run class, since the workspace has errors.
	at scala.meta.internal.metals.debug.DiscoveryFailures$WorkspaceErrorsException$.<clinit>(DiscoveryFailures.scala:53)
	at scala.meta.internal.metals.debug.DebugProvider.ensureNoWorkspaceErrors(DebugProvider.scala:440)
	at scala.meta.internal.metals.debug.DebugProvider.$anonfun$startTestSuite$5(DebugProvider.scala:612)
	at scala.concurrent.impl.Promise$Transformation.run(Promise.scala:470)
	... 3 more

2024.08.06 15:38:06 INFO  compiling week-4-types-and-pattern-matching (2 scala sources)
2024.08.06 15:38:06 INFO  time: compiled week-4-types-and-pattern-matching in 0.14s
Aug 06, 2024 3:38:07 PM org.eclipse.lsp4j.jsonrpc.RemoteEndpoint fallbackResponseError
SEVERE: Internal error: scala.meta.internal.metals.debug.DiscoveryFailures$WorkspaceErrorsException$: Cannot run class, since the workspace has errors.
java.util.concurrent.CompletionException: scala.meta.internal.metals.debug.DiscoveryFailures$WorkspaceErrorsException$: Cannot run class, since the workspace has errors.
	at java.base/java.util.concurrent.CompletableFuture.encodeThrowable(CompletableFuture.java:332)
	at java.base/java.util.concurrent.CompletableFuture.completeThrowable(CompletableFuture.java:347)
	at java.base/java.util.concurrent.CompletableFuture$UniAccept.tryFire(CompletableFuture.java:708)
	at java.base/java.util.concurrent.CompletableFuture.postComplete(CompletableFuture.java:510)
	at java.base/java.util.concurrent.CompletableFuture.completeExceptionally(CompletableFuture.java:2162)
	at scala.concurrent.java8.FuturesConvertersImpl$CF.apply(FutureConvertersImpl.scala:29)
	at scala.concurrent.java8.FuturesConvertersImpl$CF.apply(FutureConvertersImpl.scala:26)
	at scala.concurrent.impl.Promise$Transformation.run(Promise.scala:484)
	at scala.concurrent.ExecutionContext$parasitic$.execute(ExecutionContext.scala:222)
	at scala.concurrent.impl.Promise$Transformation.submitWithValue(Promise.scala:429)
	at scala.concurrent.impl.Promise$DefaultPromise.submitWithValue(Promise.scala:338)
	at scala.concurrent.impl.Promise$DefaultPromise.tryComplete0(Promise.scala:285)
	at scala.concurrent.impl.Promise$Transformation.run(Promise.scala:504)
	at java.base/java.util.concurrent.ThreadPoolExecutor.runWorker(ThreadPoolExecutor.java:1136)
	at java.base/java.util.concurrent.ThreadPoolExecutor$Worker.run(ThreadPoolExecutor.java:635)
	at java.base/java.lang.Thread.run(Thread.java:833)
Caused by: scala.meta.internal.metals.debug.DiscoveryFailures$WorkspaceErrorsException$: Cannot run class, since the workspace has errors.
	at scala.meta.internal.metals.debug.DiscoveryFailures$WorkspaceErrorsException$.<clinit>(DiscoveryFailures.scala:53)
	at scala.meta.internal.metals.debug.DebugProvider.ensureNoWorkspaceErrors(DebugProvider.scala:440)
	at scala.meta.internal.metals.debug.DebugProvider.$anonfun$startTestSuite$5(DebugProvider.scala:612)
	at scala.concurrent.impl.Promise$Transformation.run(Promise.scala:470)
	... 3 more

2024.08.06 15:38:14 INFO  compiling week-4-types-and-pattern-matching (2 scala sources)
2024.08.06 15:38:14 INFO  time: compiled week-4-types-and-pattern-matching in 0.16s
2024.08.06 15:38:44 INFO  compiling week-4-types-and-pattern-matching (2 scala sources)
2024.08.06 15:38:44 INFO  time: compiled week-4-types-and-pattern-matching in 0.32s
2024.08.06 15:38:47 INFO  compiling week-4-types-and-pattern-matching (2 scala sources)
2024.08.06 15:38:47 INFO  time: compiled week-4-types-and-pattern-matching in 0.14s
2024.08.06 15:38:48 INFO  compiling week-4-types-and-pattern-matching (2 scala sources)
2024.08.06 15:38:48 INFO  time: compiled week-4-types-and-pattern-matching in 0.14s
2024.08.06 15:38:58 INFO  compiling week-4-types-and-pattern-matching (2 scala sources)
2024.08.06 15:38:58 INFO  time: compiled week-4-types-and-pattern-matching in 0.12s
2024.08.06 15:39:34 INFO  compiling week-4-types-and-pattern-matching (2 scala sources)
2024.08.06 15:39:34 INFO  time: compiled week-4-types-and-pattern-matching in 0.17s
2024.08.06 15:40:09 INFO  compiling week-4-types-and-pattern-matching (2 scala sources)
2024.08.06 15:40:09 INFO  time: compiled week-4-types-and-pattern-matching in 0.13s
2024.08.06 15:40:11 INFO  compiling week-4-types-and-pattern-matching (2 scala sources)
2024.08.06 15:40:11 INFO  time: compiled week-4-types-and-pattern-matching in 0.2s
2024.08.06 15:58:54 WARN  Could not load snapshot text for /home/freshpate/git/scala-course/Functional Programming Principles in Scala/Week 4 - Types and Pattern Matching/src/main/scala/patmat/Huffman.scala
2024.08.06 15:58:54 INFO  compiling week-4-types-and-pattern-matching (2 scala sources)
2024.08.06 15:58:54 INFO  time: compiled week-4-types-and-pattern-matching in 0.16s
2024.08.06 16:03:56 INFO  compiling week-4-types-and-pattern-matching (2 scala sources)
2024.08.06 16:03:56 INFO  time: compiled week-4-types-and-pattern-matching in 0.14s
Aug 06, 2024 4:11:13 PM org.eclipse.lsp4j.jsonrpc.RemoteEndpoint handleCancellation
WARNING: Unmatched cancel notification for request id 8444
2024.08.06 16:11:15 INFO  compiling week-4-types-and-pattern-matching (2 scala sources)
2024.08.06 16:11:15 INFO  time: compiled week-4-types-and-pattern-matching in 0.13s
2024.08.06 16:12:01 INFO  compiling week-4-types-and-pattern-matching (2 scala sources)
2024.08.06 16:12:01 INFO  time: compiled week-4-types-and-pattern-matching in 0.16s
2024.08.06 16:12:18 INFO  compiling week-4-types-and-pattern-matching (2 scala sources)
2024.08.06 16:12:18 INFO  time: compiled week-4-types-and-pattern-matching in 0.15s
2024.08.06 16:12:34 INFO  compiling week-4-types-and-pattern-matching (2 scala sources)
2024.08.06 16:12:34 INFO  time: compiled week-4-types-and-pattern-matching in 0.15s
2024.08.06 16:13:09 INFO  compiling week-4-types-and-pattern-matching (2 scala sources)
2024.08.06 16:13:09 INFO  time: compiled week-4-types-and-pattern-matching in 0.16s
2024.08.06 16:13:14 INFO  compiling week-4-types-and-pattern-matching (2 scala sources)
2024.08.06 16:13:14 INFO  time: compiled week-4-types-and-pattern-matching in 0.17s
2024.08.06 16:13:21 INFO  compiling week-4-types-and-pattern-matching (2 scala sources)
2024.08.06 16:13:21 INFO  time: compiled week-4-types-and-pattern-matching in 0.15s
2024.08.06 16:13:28 INFO  compiling week-4-types-and-pattern-matching (2 scala sources)
2024.08.06 16:13:28 INFO  time: compiled week-4-types-and-pattern-matching in 0.16s
2024.08.06 16:14:13 INFO  compiling week-4-types-and-pattern-matching (2 scala sources)
2024.08.06 16:14:13 INFO  time: compiled week-4-types-and-pattern-matching in 0.25s
2024.08.06 16:14:28 INFO  compiling week-4-types-and-pattern-matching (2 scala sources)
2024.08.06 16:14:28 INFO  time: compiled week-4-types-and-pattern-matching in 0.13s
2024.08.06 16:14:36 INFO  compiling week-4-types-and-pattern-matching (2 scala sources)
2024.08.06 16:14:36 INFO  time: compiled week-4-types-and-pattern-matching in 0.12s
2024.08.06 16:15:18 INFO  compiling week-4-types-and-pattern-matching (2 scala sources)
2024.08.06 16:15:18 INFO  time: compiled week-4-types-and-pattern-matching in 0.14s
2024.08.06 16:17:08 INFO  compiling week-4-types-and-pattern-matching (2 scala sources)
2024.08.06 16:17:08 INFO  time: compiled week-4-types-and-pattern-matching in 0.12s
2024.08.06 16:17:30 INFO  compiling week-4-types-and-pattern-matching (2 scala sources)
2024.08.06 16:17:30 INFO  time: compiled week-4-types-and-pattern-matching in 0.16s
2024.08.06 16:17:37 INFO  compiling week-4-types-and-pattern-matching (2 scala sources)
2024.08.06 16:17:37 INFO  time: compiled week-4-types-and-pattern-matching in 0.18s
2024.08.06 16:17:39 INFO  compiling week-4-types-and-pattern-matching (2 scala sources)
2024.08.06 16:17:39 INFO  time: compiled week-4-types-and-pattern-matching in 0.14s
2024.08.06 16:17:56 INFO  compiling week-4-types-and-pattern-matching (2 scala sources)
2024.08.06 16:17:56 INFO  time: compiled week-4-types-and-pattern-matching in 0.26s
2024.08.06 16:18:13 INFO  compiling week-4-types-and-pattern-matching (2 scala sources)
2024.08.06 16:18:13 INFO  time: compiled week-4-types-and-pattern-matching in 0.15s
2024.08.06 16:18:15 INFO  compiling week-4-types-and-pattern-matching (2 scala sources)
2024.08.06 16:18:15 INFO  time: compiled week-4-types-and-pattern-matching in 0.14s
2024.08.06 16:19:15 INFO  compiling week-4-types-and-pattern-matching (2 scala sources)
2024.08.06 16:19:15 INFO  time: compiled week-4-types-and-pattern-matching in 0.19s
2024.08.06 16:19:17 INFO  compiling week-4-types-and-pattern-matching (2 scala sources)
2024.08.06 16:19:17 INFO  time: compiled week-4-types-and-pattern-matching in 0.14s
2024.08.06 16:19:52 INFO  compiling week-4-types-and-pattern-matching (2 scala sources)
2024.08.06 16:19:52 INFO  time: compiled week-4-types-and-pattern-matching in 0.21s
2024.08.06 16:20:55 INFO  compiling week-4-types-and-pattern-matching (2 scala sources)
2024.08.06 16:20:55 INFO  time: compiled week-4-types-and-pattern-matching in 0.15s
2024.08.06 16:21:22 INFO  compiling week-4-types-and-pattern-matching (2 scala sources)
2024.08.06 16:21:22 INFO  time: compiled week-4-types-and-pattern-matching in 65ms
2024.08.06 16:21:45 INFO  compiling week-4-types-and-pattern-matching (2 scala sources)
2024.08.06 16:21:45 INFO  time: compiled week-4-types-and-pattern-matching in 0.18s
2024.08.06 16:21:53 INFO  compiling week-4-types-and-pattern-matching (2 scala sources)
Aug 06, 2024 4:21:53 PM org.eclipse.lsp4j.jsonrpc.RemoteEndpoint handleCancellation
WARNING: Unmatched cancel notification for request id 10268
2024.08.06 16:21:53 INFO  time: compiled week-4-types-and-pattern-matching in 0.17s
2024.08.06 16:23:36 INFO  compiling week-4-types-and-pattern-matching (2 scala sources)
2024.08.06 16:23:36 WARN  Could not load snapshot text for /home/freshpate/git/scala-course/Functional Programming Principles in Scala/Week 4 - Types and Pattern Matching/src/main/scala/patmat/Huffman.scala
2024.08.06 16:23:36 WARN  Could not load snapshot text for /home/freshpate/git/scala-course/Functional Programming Principles in Scala/Week 4 - Types and Pattern Matching/src/main/scala/patmat/Huffman.scala
2024.08.06 16:23:36 WARN  Could not load snapshot text for /home/freshpate/git/scala-course/Functional Programming Principles in Scala/Week 4 - Types and Pattern Matching/src/main/scala/patmat/Huffman.scala
2024.08.06 16:23:36 INFO  time: compiled week-4-types-and-pattern-matching in 0.17s
2024.08.06 16:24:32 INFO  compiling week-4-types-and-pattern-matching (2 scala sources)
2024.08.06 16:24:32 INFO  time: compiled week-4-types-and-pattern-matching in 0.19s
2024.08.06 16:25:38 INFO  compiling week-4-types-and-pattern-matching (2 scala sources)
2024.08.06 16:25:38 INFO  time: compiled week-4-types-and-pattern-matching in 0.17s
2024.08.06 16:25:45 INFO  compiling week-4-types-and-pattern-matching (2 scala sources)
2024.08.06 16:25:45 INFO  time: compiled week-4-types-and-pattern-matching in 0.16s
2024.08.06 16:25:58 INFO  compiling week-4-types-and-pattern-matching-test (1 scala source)
2024.08.06 16:25:58 INFO  time: compiled week-4-types-and-pattern-matching-test in 0.14s
2024.08.06 16:26:41 INFO  compiling week-4-types-and-pattern-matching (2 scala sources)
2024.08.06 16:26:41 INFO  time: compiled week-4-types-and-pattern-matching in 0.11s
2024.08.06 16:27:23 INFO  compiling week-4-types-and-pattern-matching (2 scala sources)
2024.08.06 16:27:23 INFO  time: compiled week-4-types-and-pattern-matching in 74ms
2024.08.06 16:27:26 INFO  compiling week-4-types-and-pattern-matching (2 scala sources)
2024.08.06 16:27:26 INFO  time: compiled week-4-types-and-pattern-matching in 0.15s
Aug 06, 2024 4:28:28 PM org.eclipse.lsp4j.jsonrpc.RemoteEndpoint handleCancellation
WARNING: Unmatched cancel notification for request id 10973
2024.08.06 16:29:16 INFO  compiling week-4-types-and-pattern-matching (2 scala sources)
2024.08.06 16:29:16 INFO  time: compiled week-4-types-and-pattern-matching in 0.17s
2024.08.06 16:29:19 INFO  compiling week-4-types-and-pattern-matching (2 scala sources)
2024.08.06 16:29:19 INFO  time: compiled week-4-types-and-pattern-matching in 0.16s
2024.08.06 16:32:34 INFO  compiling week-4-types-and-pattern-matching (2 scala sources)
2024.08.06 16:32:34 INFO  time: compiled week-4-types-and-pattern-matching in 0.16s
2024.08.06 16:32:36 INFO  compiling week-4-types-and-pattern-matching (2 scala sources)
2024.08.06 16:32:36 WARN  Could not load snapshot text for /home/freshpate/git/scala-course/Functional Programming Principles in Scala/Week 4 - Types and Pattern Matching/src/main/scala/patmat/Huffman.scala
2024.08.06 16:32:36 INFO  time: compiled week-4-types-and-pattern-matching in 0.2s
2024.08.06 16:33:01 INFO  compiling week-4-types-and-pattern-matching (2 scala sources)
2024.08.06 16:33:01 INFO  time: compiled week-4-types-and-pattern-matching in 0.18s
2024.08.06 16:33:12 INFO  compiling week-4-types-and-pattern-matching (2 scala sources)
2024.08.06 16:33:12 INFO  time: compiled week-4-types-and-pattern-matching in 0.18s
2024.08.06 16:33:23 INFO  compiling week-4-types-and-pattern-matching (2 scala sources)
2024.08.06 16:33:23 INFO  time: compiled week-4-types-and-pattern-matching in 0.36s
2024.08.06 16:33:31 INFO  tracing is disabled for protocol dap-server, to enable tracing of incoming and outgoing JSON messages create an empty file at /home/freshpate/git/scala-course/Functional Programming Principles in Scala/Week 4 - Types and Pattern Matching/.metals/dap-server.trace.json or /home/freshpate/.cache/metals/dap-server.trace.json
2024.08.06 16:33:31 INFO  tracing is disabled for protocol dap-client, to enable tracing of incoming and outgoing JSON messages create an empty file at /home/freshpate/git/scala-course/Functional Programming Principles in Scala/Week 4 - Types and Pattern Matching/.metals/dap-client.trace.json or /home/freshpate/.cache/metals/dap-client.trace.json
2024.08.06 16:33:31 INFO  Starting debug proxy for [patmat.HuffmanSuite(decode and encode a very short text should be identity \(10pts\))]
2024.08.06 16:33:31 INFO  Initialized Scala 3 decoder in 2 milliseconds
2024.08.06 16:33:31 INFO  Trying to attach to remote debuggee VM localhost:60567 .
2024.08.06 16:33:31 INFO  Attaching to debuggee VM succeeded.
2024.08.06 16:33:32 INFO  Canceling debug proxy for [patmat.HuffmanSuite(decode and encode a very short text should be identity \(10pts\))]
2024.08.06 16:33:32 INFO  Closing debug server tcp://0.0.0.0:38281
2024.08.06 16:33:40 INFO  tracing is disabled for protocol dap-server, to enable tracing of incoming and outgoing JSON messages create an empty file at /home/freshpate/git/scala-course/Functional Programming Principles in Scala/Week 4 - Types and Pattern Matching/.metals/dap-server.trace.json or /home/freshpate/.cache/metals/dap-server.trace.json
2024.08.06 16:33:40 INFO  tracing is disabled for protocol dap-client, to enable tracing of incoming and outgoing JSON messages create an empty file at /home/freshpate/git/scala-course/Functional Programming Principles in Scala/Week 4 - Types and Pattern Matching/.metals/dap-client.trace.json or /home/freshpate/.cache/metals/dap-client.trace.json
2024.08.06 16:33:40 INFO  Starting debug proxy for [patmat.HuffmanSuite(combine of some leaf list \(15pts\))]
2024.08.06 16:33:40 INFO  Initialized Scala 3 decoder in 0 milliseconds
2024.08.06 16:33:40 INFO  Trying to attach to remote debuggee VM localhost:48091 .
2024.08.06 16:33:40 INFO  Attaching to debuggee VM succeeded.
2024.08.06 16:33:41 INFO  Canceling debug proxy for [patmat.HuffmanSuite(combine of some leaf list \(15pts\))]
2024.08.06 16:33:40 INFO  Closing debug server tcp://0.0.0.0:40167
2024.08.06 16:33:56 INFO  tracing is disabled for protocol dap-server, to enable tracing of incoming and outgoing JSON messages create an empty file at /home/freshpate/git/scala-course/Functional Programming Principles in Scala/Week 4 - Types and Pattern Matching/.metals/dap-server.trace.json or /home/freshpate/.cache/metals/dap-server.trace.json
2024.08.06 16:33:56 INFO  tracing is disabled for protocol dap-client, to enable tracing of incoming and outgoing JSON messages create an empty file at /home/freshpate/git/scala-course/Functional Programming Principles in Scala/Week 4 - Types and Pattern Matching/.metals/dap-client.trace.json or /home/freshpate/.cache/metals/dap-client.trace.json
2024.08.06 16:33:57 INFO  Starting debug proxy for [patmat.HuffmanSuite()]
2024.08.06 16:33:57 INFO  Initialized Scala 3 decoder in 0 milliseconds
2024.08.06 16:33:57 INFO  Trying to attach to remote debuggee VM localhost:42453 .
2024.08.06 16:33:57 INFO  Attaching to debuggee VM succeeded.
2024.08.06 16:33:57 INFO  Canceling debug proxy for [patmat.HuffmanSuite()]
2024.08.06 16:33:57 INFO  Closing debug server tcp://0.0.0.0:39555
2024.08.06 16:35:44 INFO  tracing is disabled for protocol dap-server, to enable tracing of incoming and outgoing JSON messages create an empty file at /home/freshpate/git/scala-course/Functional Programming Principles in Scala/Week 4 - Types and Pattern Matching/.metals/dap-server.trace.json or /home/freshpate/.cache/metals/dap-server.trace.json
2024.08.06 16:35:44 INFO  tracing is disabled for protocol dap-client, to enable tracing of incoming and outgoing JSON messages create an empty file at /home/freshpate/git/scala-course/Functional Programming Principles in Scala/Week 4 - Types and Pattern Matching/.metals/dap-client.trace.json or /home/freshpate/.cache/metals/dap-client.trace.json
2024.08.06 16:35:45 INFO  Starting debug proxy for [patmat.HuffmanSuite()]
2024.08.06 16:35:45 INFO  Initialized Scala 3 decoder in 0 milliseconds
2024.08.06 16:35:45 INFO  Trying to attach to remote debuggee VM localhost:40339 .
2024.08.06 16:35:45 INFO  Attaching to debuggee VM succeeded.
2024.08.06 16:35:45 INFO  Canceling debug proxy for [patmat.HuffmanSuite()]
2024.08.06 16:35:45 INFO  Closing debug server tcp://0.0.0.0:46289
2024.08.06 16:37:06 INFO  compiling week-4-types-and-pattern-matching (2 scala sources)
2024.08.06 16:37:06 INFO  time: compiled week-4-types-and-pattern-matching in 0.19s
2024.08.06 16:37:09 INFO  tracing is disabled for protocol dap-server, to enable tracing of incoming and outgoing JSON messages create an empty file at /home/freshpate/git/scala-course/Functional Programming Principles in Scala/Week 4 - Types and Pattern Matching/.metals/dap-server.trace.json or /home/freshpate/.cache/metals/dap-server.trace.json
2024.08.06 16:37:09 INFO  tracing is disabled for protocol dap-client, to enable tracing of incoming and outgoing JSON messages create an empty file at /home/freshpate/git/scala-course/Functional Programming Principles in Scala/Week 4 - Types and Pattern Matching/.metals/dap-client.trace.json or /home/freshpate/.cache/metals/dap-client.trace.json
2024.08.06 16:37:09 INFO  Starting debug proxy for [patmat.HuffmanSuite(decode and encode a very short text should be identity \(10pts\))]
2024.08.06 16:37:09 INFO  Initialized Scala 3 decoder in 0 milliseconds
2024.08.06 16:37:09 INFO  Trying to attach to remote debuggee VM localhost:58739 .
2024.08.06 16:37:09 INFO  Attaching to debuggee VM succeeded.
2024.08.06 16:37:10 INFO  Canceling debug proxy for [patmat.HuffmanSuite(decode and encode a very short text should be identity \(10pts\))]
2024.08.06 16:37:09 INFO  Closing debug server tcp://0.0.0.0:42087
2024.08.06 16:37:15 INFO  tracing is disabled for protocol dap-server, to enable tracing of incoming and outgoing JSON messages create an empty file at /home/freshpate/git/scala-course/Functional Programming Principles in Scala/Week 4 - Types and Pattern Matching/.metals/dap-server.trace.json or /home/freshpate/.cache/metals/dap-server.trace.json
2024.08.06 16:37:15 INFO  tracing is disabled for protocol dap-client, to enable tracing of incoming and outgoing JSON messages create an empty file at /home/freshpate/git/scala-course/Functional Programming Principles in Scala/Week 4 - Types and Pattern Matching/.metals/dap-client.trace.json or /home/freshpate/.cache/metals/dap-client.trace.json
2024.08.06 16:37:15 INFO  Starting debug proxy for [patmat.HuffmanSuite()]
2024.08.06 16:37:15 INFO  Initialized Scala 3 decoder in 0 milliseconds
2024.08.06 16:37:15 INFO  Trying to attach to remote debuggee VM localhost:56639 .
2024.08.06 16:37:15 INFO  Attaching to debuggee VM succeeded.
2024.08.06 16:37:16 INFO  Canceling debug proxy for [patmat.HuffmanSuite()]
2024.08.06 16:37:15 INFO  Closing debug server tcp://0.0.0.0:43483
2024.08.06 16:37:22 INFO  compiling week-4-types-and-pattern-matching (2 scala sources)
2024.08.06 16:37:22 INFO  time: compiled week-4-types-and-pattern-matching in 0.19s
2024.08.06 16:37:24 INFO  tracing is disabled for protocol dap-server, to enable tracing of incoming and outgoing JSON messages create an empty file at /home/freshpate/git/scala-course/Functional Programming Principles in Scala/Week 4 - Types and Pattern Matching/.metals/dap-server.trace.json or /home/freshpate/.cache/metals/dap-server.trace.json
2024.08.06 16:37:24 INFO  tracing is disabled for protocol dap-client, to enable tracing of incoming and outgoing JSON messages create an empty file at /home/freshpate/git/scala-course/Functional Programming Principles in Scala/Week 4 - Types and Pattern Matching/.metals/dap-client.trace.json or /home/freshpate/.cache/metals/dap-client.trace.json
2024.08.06 16:37:24 INFO  Starting debug proxy for [patmat.HuffmanSuite()]
2024.08.06 16:37:24 INFO  Initialized Scala 3 decoder in 0 milliseconds
2024.08.06 16:37:24 INFO  Trying to attach to remote debuggee VM localhost:42831 .
2024.08.06 16:37:24 INFO  Attaching to debuggee VM succeeded.
2024.08.06 16:37:25 INFO  Canceling debug proxy for [patmat.HuffmanSuite()]
2024.08.06 16:37:24 INFO  Closing debug server tcp://0.0.0.0:44147
2024.08.06 16:37:38 INFO  compiling week-4-types-and-pattern-matching (2 scala sources)
2024.08.06 16:37:38 INFO  time: compiled week-4-types-and-pattern-matching in 0.15s
2024.08.06 16:46:13 INFO  tracing is disabled for protocol dap-server, to enable tracing of incoming and outgoing JSON messages create an empty file at /home/freshpate/git/scala-course/Functional Programming Principles in Scala/Week 4 - Types and Pattern Matching/.metals/dap-server.trace.json or /home/freshpate/.cache/metals/dap-server.trace.json
2024.08.06 16:46:13 INFO  tracing is disabled for protocol dap-client, to enable tracing of incoming and outgoing JSON messages create an empty file at /home/freshpate/git/scala-course/Functional Programming Principles in Scala/Week 4 - Types and Pattern Matching/.metals/dap-client.trace.json or /home/freshpate/.cache/metals/dap-client.trace.json
2024.08.06 16:46:13 INFO  Starting debug proxy for [patmat.HuffmanSuite()]
2024.08.06 16:46:13 INFO  Initialized Scala 3 decoder in 0 milliseconds
2024.08.06 16:46:13 INFO  Trying to attach to remote debuggee VM localhost:41781 .
2024.08.06 16:46:13 INFO  Attaching to debuggee VM succeeded.
2024.08.06 16:46:14 INFO  Canceling debug proxy for [patmat.HuffmanSuite()]
2024.08.06 16:46:13 INFO  Closing debug server tcp://0.0.0.0:41825
2024.08.06 16:46:28 INFO  compiling week-4-types-and-pattern-matching-test (1 scala source)
2024.08.06 16:46:28 INFO  time: compiled week-4-types-and-pattern-matching-test in 68ms
2024.08.06 16:46:29 INFO  compiling week-4-types-and-pattern-matching-test (1 scala source)
2024.08.06 16:46:29 INFO  time: compiled week-4-types-and-pattern-matching-test in 0.15s
2024.08.06 16:46:37 INFO  tracing is disabled for protocol dap-server, to enable tracing of incoming and outgoing JSON messages create an empty file at /home/freshpate/git/scala-course/Functional Programming Principles in Scala/Week 4 - Types and Pattern Matching/.metals/dap-server.trace.json or /home/freshpate/.cache/metals/dap-server.trace.json
2024.08.06 16:46:37 INFO  tracing is disabled for protocol dap-client, to enable tracing of incoming and outgoing JSON messages create an empty file at /home/freshpate/git/scala-course/Functional Programming Principles in Scala/Week 4 - Types and Pattern Matching/.metals/dap-client.trace.json or /home/freshpate/.cache/metals/dap-client.trace.json
2024.08.06 16:46:37 INFO  Starting debug proxy for [patmat.HuffmanSuite()]
2024.08.06 16:46:37 INFO  Initialized Scala 3 decoder in 0 milliseconds
2024.08.06 16:46:37 INFO  Trying to attach to remote debuggee VM localhost:52427 .
2024.08.06 16:46:37 INFO  Attaching to debuggee VM succeeded.
2024.08.06 16:46:38 INFO  Canceling debug proxy for [patmat.HuffmanSuite()]
2024.08.06 16:46:37 INFO  Closing debug server tcp://0.0.0.0:44563
2024.08.06 16:48:29 INFO  compiling week-4-types-and-pattern-matching-test (1 scala source)
2024.08.06 16:48:29 INFO  time: compiled week-4-types-and-pattern-matching-test in 0.15s
2024.08.06 16:48:31 INFO  tracing is disabled for protocol dap-server, to enable tracing of incoming and outgoing JSON messages create an empty file at /home/freshpate/git/scala-course/Functional Programming Principles in Scala/Week 4 - Types and Pattern Matching/.metals/dap-server.trace.json or /home/freshpate/.cache/metals/dap-server.trace.json
2024.08.06 16:48:31 INFO  tracing is disabled for protocol dap-client, to enable tracing of incoming and outgoing JSON messages create an empty file at /home/freshpate/git/scala-course/Functional Programming Principles in Scala/Week 4 - Types and Pattern Matching/.metals/dap-client.trace.json or /home/freshpate/.cache/metals/dap-client.trace.json
2024.08.06 16:48:32 INFO  Starting debug proxy for [patmat.HuffmanSuite(decoded secret message)]
2024.08.06 16:48:32 INFO  Initialized Scala 3 decoder in 0 milliseconds
2024.08.06 16:48:32 INFO  Trying to attach to remote debuggee VM localhost:49135 .
2024.08.06 16:48:32 INFO  Attaching to debuggee VM succeeded.
2024.08.06 16:48:32 INFO  Canceling debug proxy for [patmat.HuffmanSuite(decoded secret message)]
2024.08.06 16:48:32 INFO  Closing debug server tcp://0.0.0.0:34345
2024.08.06 16:48:54 INFO  compiling week-4-types-and-pattern-matching-test (1 scala source)
2024.08.06 16:48:54 INFO  time: compiled week-4-types-and-pattern-matching-test in 0.16s
2024.08.06 16:48:56 INFO  tracing is disabled for protocol dap-server, to enable tracing of incoming and outgoing JSON messages create an empty file at /home/freshpate/git/scala-course/Functional Programming Principles in Scala/Week 4 - Types and Pattern Matching/.metals/dap-server.trace.json or /home/freshpate/.cache/metals/dap-server.trace.json
2024.08.06 16:48:56 INFO  tracing is disabled for protocol dap-client, to enable tracing of incoming and outgoing JSON messages create an empty file at /home/freshpate/git/scala-course/Functional Programming Principles in Scala/Week 4 - Types and Pattern Matching/.metals/dap-client.trace.json or /home/freshpate/.cache/metals/dap-client.trace.json
2024.08.06 16:48:56 INFO  Starting debug proxy for [patmat.HuffmanSuite(decoded secret message)]
2024.08.06 16:48:56 INFO  Initialized Scala 3 decoder in 0 milliseconds
2024.08.06 16:48:56 INFO  Trying to attach to remote debuggee VM localhost:38863 .
2024.08.06 16:48:56 INFO  Attaching to debuggee VM succeeded.
2024.08.06 16:48:57 INFO  Canceling debug proxy for [patmat.HuffmanSuite(decoded secret message)]
2024.08.06 16:48:56 INFO  Closing debug server tcp://0.0.0.0:35581
2024.08.06 16:49:06 INFO  compiling week-4-types-and-pattern-matching-test (1 scala source)
2024.08.06 16:49:06 INFO  time: compiled week-4-types-and-pattern-matching-test in 0.13s
2024.08.06 16:49:12 INFO  compiling week-4-types-and-pattern-matching-test (1 scala source)
2024.08.06 16:49:12 INFO  time: compiled week-4-types-and-pattern-matching-test in 0.13s
2024.08.06 17:28:32 INFO  Shutting down server
2024.08.06 17:28:32 INFO  shutting down Metals
2024.08.06 17:28:32 INFO  Shut down connection with build server.
2024.08.06 17:28:32 INFO  Shut down connection with build server.
2024.08.06 17:28:32 INFO  Shut down connection with build server.
2024.08.06 17:28:32 INFO  Exiting server
