2024.08.06 19:28:31 INFO  Started: Metals version 1.3.5 in folders '/home/freshpate/git/scala-course/Functional Programming Design in Scala/Week 1 - For Expressions and Monads' for client Visual Studio Code 1.92.0.
SLF4J(W): Class path contains multiple SLF4J providers.
SLF4J(W): Found provider [scribe.slf4j.ScribeServiceProvider@56cca9b9]
SLF4J(W): Found provider [ch.qos.logback.classic.spi.LogbackServiceProvider@12c549fe]
SLF4J(W): See https://www.slf4j.org/codes.html#multiple_bindings for an explanation.
SLF4J(I): Actual provider is of type [scribe.slf4j.ScribeServiceProvider@56cca9b9]
2024.08.06 19:28:31 WARN  Flyway upgrade recommended: H2 2.3.230 is newer than this version of Flyway and support has not been tested. The latest supported version of H2 is 2.2.220.
2024.08.06 19:28:32 INFO  no build target found for /home/freshpate/git/scala-course/Functional Programming Design in Scala/Week 1 - For Expressions and Monads/src/main/scala/quickcheck/Heap.scala. Using presentation compiler with project's scala-library version: 3.3.3
2024.08.06 19:28:32 INFO  no build target found for /home/freshpate/git/scala-course/Functional Programming Design in Scala/Week 1 - For Expressions and Monads/src/main/scala/quickcheck/Heap.scala. Using presentation compiler with project's scala-library version: 3.3.3
2024.08.06 19:28:32 INFO  no build target found for /home/freshpate/git/scala-course/Functional Programming Design in Scala/Week 1 - For Expressions and Monads/src/main/scala/quickcheck/Heap.scala. Using presentation compiler with project's scala-library version: 3.3.3
2024.08.06 19:28:33 INFO  no build target found for /home/freshpate/git/scala-course/Functional Programming Design in Scala/Week 1 - For Expressions and Monads/src/main/scala/quickcheck/Heap.scala. Using presentation compiler with project's scala-library version: 3.3.3
2024.08.06 19:28:33 INFO  running '/home/freshpate/.local/share/coursier/bin/sbt -Dbloop.export-jar-classifiers=sources bloopInstall'
2024.08.06 19:28:33 WARN  no build target for: /home/freshpate/git/scala-course/Functional Programming Design in Scala/Week 1 - For Expressions and Monads/project/metals.sbt
2024.08.06 19:28:33 INFO  no build target found for /home/freshpate/git/scala-course/Functional Programming Design in Scala/Week 1 - For Expressions and Monads/project/metals.sbt. Using presentation compiler with project's scala-library version: 3.3.3
2024.08.06 19:28:34 INFO  no build target found for /home/freshpate/git/scala-course/Functional Programming Design in Scala/Week 1 - For Expressions and Monads/src/main/scala/quickcheck/Heap.scala. Using presentation compiler with project's scala-library version: 3.3.3
2024.08.06 19:28:34 INFO  [info] welcome to sbt 1.8.2 (Oracle Corporation Java 11)
2024.08.06 19:28:36 INFO  no build target found for /home/freshpate/git/scala-course/Functional Programming Design in Scala/Week 1 - For Expressions and Monads/src/main/scala/quickcheck/Heap.scala. Using presentation compiler with project's scala-library version: 3.3.3
2024.08.06 19:28:36 INFO  no build target found for /home/freshpate/git/scala-course/Functional Programming Design in Scala/Week 1 - For Expressions and Monads/src/main/scala/quickcheck/Heap.scala. Using presentation compiler with project's scala-library version: 3.3.3
2024.08.06 19:28:36 INFO  no build target found for /home/freshpate/git/scala-course/Functional Programming Design in Scala/Week 1 - For Expressions and Monads/src/main/scala/quickcheck/QuickCheck.scala. Using presentation compiler with project's scala-library version: 3.3.3
2024.08.06 19:28:36 INFO  [info] loading settings for project week-1-for-expressions-and-monads-build-build-build from metals.sbt ...
2024.08.06 19:28:36 INFO  [info] loading project definition from /home/freshpate/git/scala-course/Functional Programming Design in Scala/Week 1 - For Expressions and Monads/project/project/project
2024.08.06 19:28:38 INFO  [info] loading settings for project week-1-for-expressions-and-monads-build-build from metals.sbt ...
2024.08.06 19:28:38 INFO  [info] loading project definition from /home/freshpate/git/scala-course/Functional Programming Design in Scala/Week 1 - For Expressions and Monads/project/project
2024.08.06 19:28:39 INFO  [success] Generated .bloop/week-1-for-expressions-and-monads-build-build.json
2024.08.06 19:28:39 INFO  [success] Total time: 1 s, completed Aug 6, 2024, 7:28:39 PM
2024.08.06 19:28:39 INFO  [info] loading settings for project week-1-for-expressions-and-monads-build from buildSettings.sbt,metals.sbt,plugins.sbt ...
2024.08.06 19:28:40 INFO  [info] loading project definition from /home/freshpate/git/scala-course/Functional Programming Design in Scala/Week 1 - For Expressions and Monads/project
2024.08.06 19:28:40 INFO  [success] Generated .bloop/week-1-for-expressions-and-monads-build.json
2024.08.06 19:28:40 INFO  [info] compiling 3 Scala sources to /home/freshpate/git/scala-course/Functional Programming Design in Scala/Week 1 - For Expressions and Monads/project/target/scala-2.12/sbt-1.0/classes ...
2024.08.06 19:28:45 INFO  [info] done compiling
2024.08.06 19:28:45 INFO  [success] Total time: 5 s, completed Aug 6, 2024, 7:28:45 PM
2024.08.06 19:28:46 INFO  [info] loading settings for project week-1-for-expressions-and-monads from assignment.sbt,build.sbt ...
2024.08.06 19:28:46 INFO  [info] set current project to progfun2-quickcheck (in build file:/home/freshpate/git/scala-course/Functional%20Programming%20Design%20in%20Scala/Week%201%20-%20For%20Expressions%20and%20Monads/)
2024.08.06 19:28:48 INFO  [success] Generated .bloop/week-1-for-expressions-and-monads.json
2024.08.06 19:28:48 INFO  [success] Generated .bloop/week-1-for-expressions-and-monads-test.json
2024.08.06 19:28:48 INFO  [success] Total time: 1 s, completed Aug 6, 2024, 7:28:48 PM
2024.08.06 19:28:48 INFO  time: ran 'sbt bloopInstall' in 14s
2024.08.06 19:28:48 INFO  Attempting to connect to the build server...
2024.08.06 19:28:48 INFO  tracing is disabled for protocol BSP, to enable tracing of incoming and outgoing JSON messages create an empty file at /home/freshpate/git/scala-course/Functional Programming Design in Scala/Week 1 - For Expressions and Monads/.metals/bsp.trace.json or /home/freshpate/.cache/metals/bsp.trace.json
2024.08.06 19:28:48 INFO  Attempting to connect to the build server...
2024.08.06 19:28:48 INFO  Attempting to connect to the build server...
2024.08.06 19:28:48 INFO  tracing is disabled for protocol BSP, to enable tracing of incoming and outgoing JSON messages create an empty file at /home/freshpate/git/scala-course/Functional Programming Design in Scala/Week 1 - For Expressions and Monads/project/project/.metals/bsp.trace.json or /home/freshpate/.cache/metals/bsp.trace.json
2024.08.06 19:28:48 INFO  tracing is disabled for protocol BSP, to enable tracing of incoming and outgoing JSON messages create an empty file at /home/freshpate/git/scala-course/Functional Programming Design in Scala/Week 1 - For Expressions and Monads/project/.metals/bsp.trace.json or /home/freshpate/.cache/metals/bsp.trace.json
2024.08.06 19:28:48 INFO  time: Connected to build server in 0.14s
2024.08.06 19:28:48 INFO  Connected to Build server: Bloop v1.6.0
2024.08.06 19:28:48 INFO  running doctor check
2024.08.06 19:28:48 INFO  java targets: week-1-for-expressions-and-monads, week-1-for-expressions-and-monads-build, week-1-for-expressions-and-monads-test, week-1-for-expressions-and-monads-build-build
2024.08.06 19:28:48 WARN  3.3.0 is no longer supported in the current Metals versions, using the last known supported version 1.2.2
2024.08.06 19:28:50 WARN  Flyway upgrade recommended: H2 2.3.230 is newer than this version of Flyway and support has not been tested. The latest supported version of H2 is 2.2.220.
2024.08.06 19:28:54 INFO  time: indexed workspace in 5.53s
2024.08.06 19:28:54 INFO  compiling week-1-for-expressions-and-monads (2 scala sources)
2024.08.06 19:28:54 INFO  time: compiled week-1-for-expressions-and-monads in 0.29s
2024.08.06 19:28:54 INFO  compiling week-1-for-expressions-and-monads-test (2 scala sources)
2024.08.06 19:28:54 INFO  time: compiled week-1-for-expressions-and-monads-test in 0.37s
2024.08.06 19:31:40 INFO  compiling week-1-for-expressions-and-monads (1 scala source)
2024.08.06 19:31:40 INFO  time: compiled week-1-for-expressions-and-monads in 0.18s
2024.08.06 19:31:42 INFO  compiling week-1-for-expressions-and-monads-test (1 scala source)
2024.08.06 19:31:42 INFO  time: compiled week-1-for-expressions-and-monads-test in 0.29s
2024.08.06 19:31:45 INFO  tracing is disabled for protocol dap-server, to enable tracing of incoming and outgoing JSON messages create an empty file at /home/freshpate/git/scala-course/Functional Programming Design in Scala/Week 1 - For Expressions and Monads/.metals/dap-server.trace.json or /home/freshpate/.cache/metals/dap-server.trace.json
2024.08.06 19:31:45 INFO  tracing is disabled for protocol dap-client, to enable tracing of incoming and outgoing JSON messages create an empty file at /home/freshpate/git/scala-course/Functional Programming Design in Scala/Week 1 - For Expressions and Monads/.metals/dap-client.trace.json or /home/freshpate/.cache/metals/dap-client.trace.json
2024.08.06 19:31:45 INFO  Starting debug proxy for [quickcheck.QuickCheckSuite()]
2024.08.06 19:31:45 INFO  Initialized Scala 3 decoder in 0 milliseconds
2024.08.06 19:31:45 INFO  Trying to attach to remote debuggee VM localhost:57483 .
2024.08.06 19:31:45 INFO  Attaching to debuggee VM succeeded.
2024.08.06 19:31:45 INFO  Closing debug server tcp://0.0.0.0:44993
2024.08.06 19:31:46 INFO  Canceling debug proxy for [quickcheck.QuickCheckSuite()]
Aug 06, 2024 7:32:11 PM org.eclipse.lsp4j.jsonrpc.RemoteEndpoint handleCancellation
WARNING: Unmatched cancel notification for request id 262
2024.08.06 19:33:15 INFO  compiling week-1-for-expressions-and-monads (1 scala source)
2024.08.06 19:33:15 INFO  time: compiled week-1-for-expressions-and-monads in 0.13s
2024.08.06 19:36:21 INFO  compiling week-1-for-expressions-and-monads (1 scala source)
2024.08.06 19:36:21 INFO  time: compiled week-1-for-expressions-and-monads in 0.18s
2024.08.06 19:36:25 INFO  tracing is disabled for protocol dap-server, to enable tracing of incoming and outgoing JSON messages create an empty file at /home/freshpate/git/scala-course/Functional Programming Design in Scala/Week 1 - For Expressions and Monads/.metals/dap-server.trace.json or /home/freshpate/.cache/metals/dap-server.trace.json
2024.08.06 19:36:25 INFO  tracing is disabled for protocol dap-client, to enable tracing of incoming and outgoing JSON messages create an empty file at /home/freshpate/git/scala-course/Functional Programming Design in Scala/Week 1 - For Expressions and Monads/.metals/dap-client.trace.json or /home/freshpate/.cache/metals/dap-client.trace.json
2024.08.06 19:36:25 INFO  Starting debug proxy for [quickcheck.QuickCheckSuite()]
2024.08.06 19:36:25 INFO  Initialized Scala 3 decoder in 0 milliseconds
2024.08.06 19:36:25 INFO  Trying to attach to remote debuggee VM localhost:53057 .
2024.08.06 19:36:25 INFO  Attaching to debuggee VM succeeded.
2024.08.06 19:36:26 INFO  Canceling debug proxy for [quickcheck.QuickCheckSuite()]
2024.08.06 19:36:25 INFO  Closing debug server tcp://0.0.0.0:33351
2024.08.06 19:37:56 INFO  compiling week-1-for-expressions-and-monads (1 scala source)
2024.08.06 19:37:56 INFO  time: compiled week-1-for-expressions-and-monads in 0.22s
2024.08.06 19:37:59 INFO  tracing is disabled for protocol dap-server, to enable tracing of incoming and outgoing JSON messages create an empty file at /home/freshpate/git/scala-course/Functional Programming Design in Scala/Week 1 - For Expressions and Monads/.metals/dap-server.trace.json or /home/freshpate/.cache/metals/dap-server.trace.json
2024.08.06 19:37:59 INFO  tracing is disabled for protocol dap-client, to enable tracing of incoming and outgoing JSON messages create an empty file at /home/freshpate/git/scala-course/Functional Programming Design in Scala/Week 1 - For Expressions and Monads/.metals/dap-client.trace.json or /home/freshpate/.cache/metals/dap-client.trace.json
2024.08.06 19:38:00 INFO  Starting debug proxy for [quickcheck.QuickCheckSuite()]
2024.08.06 19:38:00 INFO  Initialized Scala 3 decoder in 0 milliseconds
2024.08.06 19:38:00 INFO  Trying to attach to remote debuggee VM localhost:46355 .
2024.08.06 19:38:00 INFO  Attaching to debuggee VM succeeded.
2024.08.06 19:38:00 INFO  Canceling debug proxy for [quickcheck.QuickCheckSuite()]
2024.08.06 19:38:00 INFO  Closing debug server tcp://0.0.0.0:38731
