2024.08.06 17:28:38 INFO  Started: Metals version 1.3.5 in folders '/home/freshpate/git/scala-course/Functional Programming Principles in Scala/Week 6 - Collections' for client Visual Studio Code 1.92.0.
SLF4J(W): Class path contains multiple SLF4J providers.
SLF4J(W): Found provider [scribe.slf4j.ScribeServiceProvider@56cca9b9]
SLF4J(W): Found provider [ch.qos.logback.classic.spi.LogbackServiceProvider@12c549fe]
SLF4J(W): See https://www.slf4j.org/codes.html#multiple_bindings for an explanation.
SLF4J(I): Actual provider is of type [scribe.slf4j.ScribeServiceProvider@56cca9b9]
2024.08.06 17:28:38 WARN  Flyway upgrade recommended: H2 2.3.230 is newer than this version of Flyway and support has not been tested. The latest supported version of H2 is 2.2.220.
2024.08.06 17:28:38 INFO  no build target found for /home/freshpate/git/scala-course/Functional Programming Principles in Scala/Week 6 - Collections/src/main/scala/forcomp/Anagrams.scala. Using presentation compiler with project's scala-library version: 3.3.3
2024.08.06 17:28:40 INFO  no build target found for /home/freshpate/git/scala-course/Functional Programming Principles in Scala/Week 6 - Collections/src/main/scala/forcomp/Anagrams.scala. Using presentation compiler with project's scala-library version: 3.3.3
2024.08.06 17:28:40 INFO  no build target found for /home/freshpate/git/scala-course/Functional Programming Principles in Scala/Week 6 - Collections/src/main/scala/forcomp/Anagrams.scala. Using presentation compiler with project's scala-library version: 3.3.3
2024.08.06 17:28:40 INFO  no build target found for /home/freshpate/git/scala-course/Functional Programming Principles in Scala/Week 6 - Collections/src/main/scala/forcomp/Anagrams.scala. Using presentation compiler with project's scala-library version: 3.3.3
2024.08.06 17:28:42 INFO  no build target found for /home/freshpate/git/scala-course/Functional Programming Principles in Scala/Week 6 - Collections/src/main/scala/forcomp/Anagrams.scala. Using presentation compiler with project's scala-library version: 3.3.3
2024.08.06 17:28:42 INFO  running '/home/freshpate/.local/share/coursier/bin/sbt -Dbloop.export-jar-classifiers=sources bloopInstall'
2024.08.06 17:28:42 WARN  no build target for: /home/freshpate/git/scala-course/Functional Programming Principles in Scala/Week 6 - Collections/project/metals.sbt
2024.08.06 17:28:42 INFO  no build target found for /home/freshpate/git/scala-course/Functional Programming Principles in Scala/Week 6 - Collections/project/metals.sbt. Using presentation compiler with project's scala-library version: 3.3.3
2024.08.06 17:28:42 INFO  no build target found for /home/freshpate/git/scala-course/Functional Programming Principles in Scala/Week 6 - Collections/src/main/scala/forcomp/Anagrams.scala. Using presentation compiler with project's scala-library version: 3.3.3
2024.08.06 17:28:43 INFO  [info] welcome to sbt 1.8.2 (Oracle Corporation Java 11)
2024.08.06 17:28:45 INFO  [info] loading settings for project week-6-collections-build-build-build from metals.sbt ...
2024.08.06 17:28:45 INFO  [info] loading project definition from /home/freshpate/git/scala-course/Functional Programming Principles in Scala/Week 6 - Collections/project/project/project
2024.08.06 17:28:47 INFO  [info] loading settings for project week-6-collections-build-build from metals.sbt ...
2024.08.06 17:28:47 INFO  [info] loading project definition from /home/freshpate/git/scala-course/Functional Programming Principles in Scala/Week 6 - Collections/project/project
2024.08.06 17:28:48 INFO  [success] Generated .bloop/week-6-collections-build-build.json
2024.08.06 17:28:48 INFO  [success] Total time: 1 s, completed Aug 6, 2024, 5:28:48 PM
2024.08.06 17:28:48 INFO  [info] loading settings for project week-6-collections-build from buildSettings.sbt,metals.sbt,plugins.sbt ...
2024.08.06 17:28:49 INFO  [info] loading project definition from /home/freshpate/git/scala-course/Functional Programming Principles in Scala/Week 6 - Collections/project
2024.08.06 17:28:49 INFO  [success] Generated .bloop/week-6-collections-build.json
2024.08.06 17:28:49 INFO  [info] compiling 3 Scala sources to /home/freshpate/git/scala-course/Functional Programming Principles in Scala/Week 6 - Collections/project/target/scala-2.12/sbt-1.0/classes ...
2024.08.06 17:28:54 INFO  [info] done compiling
2024.08.06 17:28:54 INFO  [success] Total time: 5 s, completed Aug 6, 2024, 5:28:54 PM
2024.08.06 17:28:55 INFO  [info] loading settings for project week-6-collections from assignment.sbt,build.sbt ...
2024.08.06 17:28:55 INFO  [info] set current project to progfun1-forcomp (in build file:/home/freshpate/git/scala-course/Functional%20Programming%20Principles%20in%20Scala/Week%206%20-%20Collections/)
2024.08.06 17:28:55 INFO  [success] Generated .bloop/week-6-collections.json
2024.08.06 17:28:55 INFO  [success] Generated .bloop/week-6-collections-test.json
2024.08.06 17:28:55 INFO  [success] Total time: 0 s, completed Aug 6, 2024, 5:28:55 PM
2024.08.06 17:28:56 INFO  time: ran 'sbt bloopInstall' in 13s
2024.08.06 17:28:56 INFO  Attempting to connect to the build server...
2024.08.06 17:28:56 INFO  tracing is disabled for protocol BSP, to enable tracing of incoming and outgoing JSON messages create an empty file at /home/freshpate/git/scala-course/Functional Programming Principles in Scala/Week 6 - Collections/.metals/bsp.trace.json or /home/freshpate/.cache/metals/bsp.trace.json
2024.08.06 17:28:56 INFO  Attempting to connect to the build server...
2024.08.06 17:28:56 INFO  Attempting to connect to the build server...
2024.08.06 17:28:56 INFO  tracing is disabled for protocol BSP, to enable tracing of incoming and outgoing JSON messages create an empty file at /home/freshpate/git/scala-course/Functional Programming Principles in Scala/Week 6 - Collections/project/project/.metals/bsp.trace.json or /home/freshpate/.cache/metals/bsp.trace.json
2024.08.06 17:28:56 INFO  tracing is disabled for protocol BSP, to enable tracing of incoming and outgoing JSON messages create an empty file at /home/freshpate/git/scala-course/Functional Programming Principles in Scala/Week 6 - Collections/project/.metals/bsp.trace.json or /home/freshpate/.cache/metals/bsp.trace.json
2024.08.06 17:28:56 INFO  time: Connected to build server in 0.14s
2024.08.06 17:28:56 INFO  Connected to Build server: Bloop v1.6.0
2024.08.06 17:28:56 INFO  running doctor check
2024.08.06 17:28:56 INFO  java targets: week-6-collections-test, week-6-collections, week-6-collections-build, week-6-collections-build-build
2024.08.06 17:28:56 WARN  3.3.0 is no longer supported in the current Metals versions, using the last known supported version 1.2.2
2024.08.06 17:28:58 WARN  Flyway upgrade recommended: H2 2.3.230 is newer than this version of Flyway and support has not been tested. The latest supported version of H2 is 2.2.220.
2024.08.06 17:29:01 INFO  time: indexed workspace in 5.34s
2024.08.06 18:26:24 INFO  compiling week-6-collections (2 scala sources)
2024.08.06 18:26:24 INFO  time: compiled week-6-collections in 0.17s
2024.08.06 18:26:24 INFO  compiling week-6-collections-test (1 scala source)
2024.08.06 18:26:24 INFO  time: compiled week-6-collections-test in 0.24s
2024.08.06 18:34:53 INFO  compiling week-6-collections (1 scala source)
2024.08.06 18:34:53 INFO  time: compiled week-6-collections in 0.18s
2024.08.06 18:34:55 INFO  compiling week-6-collections (1 scala source)
2024.08.06 18:34:55 INFO  time: compiled week-6-collections in 0.19s
2024.08.06 18:34:57 INFO  compiling week-6-collections (1 scala source)
2024.08.06 18:34:57 INFO  time: compiled week-6-collections in 0.13s
2024.08.06 18:35:11 INFO  compiling week-6-collections (1 scala source)
2024.08.06 18:35:11 INFO  time: compiled week-6-collections in 55ms
2024.08.06 18:36:43 INFO  compiling week-6-collections (1 scala source)
2024.08.06 18:36:43 INFO  time: compiled week-6-collections in 0.15s
Aug 06, 2024 6:38:51 PM org.eclipse.lsp4j.jsonrpc.RemoteEndpoint handleCancellation
WARNING: Unmatched cancel notification for request id 271
2024.08.06 18:39:25 INFO  compiling week-6-collections (1 scala source)
2024.08.06 18:39:25 INFO  time: compiled week-6-collections in 0.11s
2024.08.06 18:40:08 INFO  compiling week-6-collections (1 scala source)
2024.08.06 18:40:08 INFO  time: compiled week-6-collections in 99ms
Aug 06, 2024 6:40:24 PM org.eclipse.lsp4j.jsonrpc.RemoteEndpoint handleCancellation
WARNING: Unmatched cancel notification for request id 328
2024.08.06 18:40:28 INFO  compiling week-6-collections (1 scala source)
2024.08.06 18:40:28 INFO  time: compiled week-6-collections in 0.16s
2024.08.06 18:44:54 INFO  compiling week-6-collections (1 scala source)
2024.08.06 18:44:54 INFO  time: compiled week-6-collections in 0.11s
Aug 06, 2024 6:45:08 PM org.eclipse.lsp4j.jsonrpc.RemoteEndpoint handleCancellation
WARNING: Unmatched cancel notification for request id 509
2024.08.06 18:50:13 INFO  compiling week-6-collections (1 scala source)
2024.08.06 18:50:13 INFO  time: compiled week-6-collections in 0.13s
2024.08.06 18:51:15 INFO  compiling week-6-collections (1 scala source)
2024.08.06 18:51:15 INFO  time: compiled week-6-collections in 0.12s
2024.08.06 18:52:11 INFO  compiling week-6-collections (1 scala source)
2024.08.06 18:52:11 INFO  time: compiled week-6-collections in 0.1s
2024.08.06 19:03:51 INFO  compiling week-6-collections (1 scala source)
2024.08.06 19:03:51 INFO  time: compiled week-6-collections in 0.15s
Aug 06, 2024 7:06:52 PM org.eclipse.lsp4j.jsonrpc.RemoteEndpoint handleCancellation
WARNING: Unmatched cancel notification for request id 767
2024.08.06 19:06:57 INFO  compiling week-6-collections (1 scala source)
2024.08.06 19:06:57 INFO  time: compiled week-6-collections in 0.2s
2024.08.06 19:07:26 WARN  Could not load snapshot text for /home/freshpate/git/scala-course/Functional Programming Principles in Scala/Week 6 - Collections/src/main/scala/forcomp/Anagrams.scala
2024.08.06 19:07:26 INFO  compiling week-6-collections (1 scala source)
2024.08.06 19:07:26 WARN  Could not load snapshot text for /home/freshpate/git/scala-course/Functional Programming Principles in Scala/Week 6 - Collections/src/main/scala/forcomp/Anagrams.scala
2024.08.06 19:07:26 WARN  Could not load snapshot text for /home/freshpate/git/scala-course/Functional Programming Principles in Scala/Week 6 - Collections/src/main/scala/forcomp/Anagrams.scala
2024.08.06 19:07:26 INFO  time: compiled week-6-collections in 0.15s
2024.08.06 19:07:29 INFO  compiling week-6-collections (1 scala source)
2024.08.06 19:07:29 INFO  time: compiled week-6-collections in 0.16s
2024.08.06 19:07:32 INFO  tracing is disabled for protocol dap-server, to enable tracing of incoming and outgoing JSON messages create an empty file at /home/freshpate/git/scala-course/Functional Programming Principles in Scala/Week 6 - Collections/.metals/dap-server.trace.json or /home/freshpate/.cache/metals/dap-server.trace.json
2024.08.06 19:07:32 INFO  tracing is disabled for protocol dap-client, to enable tracing of incoming and outgoing JSON messages create an empty file at /home/freshpate/git/scala-course/Functional Programming Principles in Scala/Week 6 - Collections/.metals/dap-client.trace.json or /home/freshpate/.cache/metals/dap-client.trace.json
2024.08.06 19:07:33 INFO  Starting debug proxy for [forcomp.AnagramsSuite()]
2024.08.06 19:07:33 INFO  Initialized Scala 3 decoder in 0 milliseconds
2024.08.06 19:07:33 INFO  Trying to attach to remote debuggee VM localhost:36513 .
2024.08.06 19:07:33 INFO  Attaching to debuggee VM succeeded.
2024.08.06 19:07:34 INFO  Closing debug server tcp://0.0.0.0:35047
2024.08.06 19:07:34 INFO  Canceling debug proxy for [forcomp.AnagramsSuite()]
2024.08.06 19:08:32 INFO  compiling week-6-collections (1 scala source)
2024.08.06 19:08:32 INFO  time: compiled week-6-collections in 0.18s
2024.08.06 19:08:39 INFO  tracing is disabled for protocol dap-server, to enable tracing of incoming and outgoing JSON messages create an empty file at /home/freshpate/git/scala-course/Functional Programming Principles in Scala/Week 6 - Collections/.metals/dap-server.trace.json or /home/freshpate/.cache/metals/dap-server.trace.json
2024.08.06 19:08:39 INFO  tracing is disabled for protocol dap-client, to enable tracing of incoming and outgoing JSON messages create an empty file at /home/freshpate/git/scala-course/Functional Programming Principles in Scala/Week 6 - Collections/.metals/dap-client.trace.json or /home/freshpate/.cache/metals/dap-client.trace.json
2024.08.06 19:08:39 INFO  Starting debug proxy for [forcomp.AnagramsSuite()]
2024.08.06 19:08:39 INFO  Initialized Scala 3 decoder in 0 milliseconds
2024.08.06 19:08:39 INFO  Trying to attach to remote debuggee VM localhost:59499 .
2024.08.06 19:08:39 INFO  Attaching to debuggee VM succeeded.
2024.08.06 19:08:40 INFO  Canceling debug proxy for [forcomp.AnagramsSuite()]
2024.08.06 19:08:40 INFO  Closing debug server tcp://0.0.0.0:34219
2024.08.06 19:09:56 INFO  compiling week-6-collections (1 scala source)
2024.08.06 19:09:56 INFO  time: compiled week-6-collections in 0.39s
2024.08.06 19:09:59 INFO  compiling week-6-collections (1 scala source)
2024.08.06 19:09:59 INFO  time: compiled week-6-collections in 0.16s
2024.08.06 19:10:02 INFO  tracing is disabled for protocol dap-server, to enable tracing of incoming and outgoing JSON messages create an empty file at /home/freshpate/git/scala-course/Functional Programming Principles in Scala/Week 6 - Collections/.metals/dap-server.trace.json or /home/freshpate/.cache/metals/dap-server.trace.json
2024.08.06 19:10:02 INFO  tracing is disabled for protocol dap-client, to enable tracing of incoming and outgoing JSON messages create an empty file at /home/freshpate/git/scala-course/Functional Programming Principles in Scala/Week 6 - Collections/.metals/dap-client.trace.json or /home/freshpate/.cache/metals/dap-client.trace.json
2024.08.06 19:10:02 INFO  Starting debug proxy for [forcomp.AnagramsSuite()]
2024.08.06 19:10:02 INFO  Initialized Scala 3 decoder in 0 milliseconds
2024.08.06 19:10:02 INFO  Trying to attach to remote debuggee VM localhost:57631 .
2024.08.06 19:10:02 INFO  Attaching to debuggee VM succeeded.
2024.08.06 19:10:03 INFO  Canceling debug proxy for [forcomp.AnagramsSuite()]
2024.08.06 19:10:03 INFO  Closing debug server tcp://0.0.0.0:42989
2024.08.06 19:10:47 INFO  compiling week-6-collections (1 scala source)
2024.08.06 19:10:47 INFO  time: compiled week-6-collections in 0.16s
2024.08.06 19:10:55 INFO  tracing is disabled for protocol dap-server, to enable tracing of incoming and outgoing JSON messages create an empty file at /home/freshpate/git/scala-course/Functional Programming Principles in Scala/Week 6 - Collections/.metals/dap-server.trace.json or /home/freshpate/.cache/metals/dap-server.trace.json
2024.08.06 19:10:55 INFO  tracing is disabled for protocol dap-client, to enable tracing of incoming and outgoing JSON messages create an empty file at /home/freshpate/git/scala-course/Functional Programming Principles in Scala/Week 6 - Collections/.metals/dap-client.trace.json or /home/freshpate/.cache/metals/dap-client.trace.json
2024.08.06 19:10:55 INFO  Starting debug proxy for [forcomp.AnagramsSuite()]
2024.08.06 19:10:55 INFO  Initialized Scala 3 decoder in 0 milliseconds
2024.08.06 19:10:55 INFO  Trying to attach to remote debuggee VM localhost:34329 .
2024.08.06 19:10:55 INFO  Attaching to debuggee VM succeeded.
2024.08.06 19:10:56 INFO  Canceling debug proxy for [forcomp.AnagramsSuite()]
2024.08.06 19:10:56 INFO  Closing debug server tcp://0.0.0.0:35751
2024.08.06 19:11:35 INFO  compiling week-6-collections (1 scala source)
2024.08.06 19:11:35 INFO  time: compiled week-6-collections in 0.13s
2024.08.06 19:11:39 INFO  tracing is disabled for protocol dap-server, to enable tracing of incoming and outgoing JSON messages create an empty file at /home/freshpate/git/scala-course/Functional Programming Principles in Scala/Week 6 - Collections/.metals/dap-server.trace.json or /home/freshpate/.cache/metals/dap-server.trace.json
2024.08.06 19:11:39 INFO  tracing is disabled for protocol dap-client, to enable tracing of incoming and outgoing JSON messages create an empty file at /home/freshpate/git/scala-course/Functional Programming Principles in Scala/Week 6 - Collections/.metals/dap-client.trace.json or /home/freshpate/.cache/metals/dap-client.trace.json
2024.08.06 19:11:39 INFO  Starting debug proxy for [forcomp.AnagramsSuite(combinations: abba \(8pts\))]
2024.08.06 19:11:39 INFO  Initialized Scala 3 decoder in 0 milliseconds
2024.08.06 19:11:39 INFO  Trying to attach to remote debuggee VM localhost:47999 .
2024.08.06 19:11:39 INFO  Attaching to debuggee VM succeeded.
2024.08.06 19:11:40 INFO  Canceling debug proxy for [forcomp.AnagramsSuite(combinations: abba \(8pts\))]
2024.08.06 19:11:40 INFO  Closing debug server tcp://0.0.0.0:44901
2024.08.06 19:11:44 INFO  tracing is disabled for protocol dap-server, to enable tracing of incoming and outgoing JSON messages create an empty file at /home/freshpate/git/scala-course/Functional Programming Principles in Scala/Week 6 - Collections/.metals/dap-server.trace.json or /home/freshpate/.cache/metals/dap-server.trace.json
2024.08.06 19:11:44 INFO  tracing is disabled for protocol dap-client, to enable tracing of incoming and outgoing JSON messages create an empty file at /home/freshpate/git/scala-course/Functional Programming Principles in Scala/Week 6 - Collections/.metals/dap-client.trace.json or /home/freshpate/.cache/metals/dap-client.trace.json
2024.08.06 19:11:44 INFO  Starting debug proxy for [forcomp.AnagramsSuite()]
2024.08.06 19:11:44 INFO  Initialized Scala 3 decoder in 0 milliseconds
2024.08.06 19:11:44 INFO  Trying to attach to remote debuggee VM localhost:57613 .
2024.08.06 19:11:44 INFO  Attaching to debuggee VM succeeded.
2024.08.06 19:11:45 INFO  Canceling debug proxy for [forcomp.AnagramsSuite()]
2024.08.06 19:11:45 INFO  Closing debug server tcp://0.0.0.0:33027
2024.08.06 19:28:22 INFO  Shutting down server
2024.08.06 19:28:22 INFO  shutting down Metals
2024.08.06 19:28:22 INFO  Shut down connection with build server.
2024.08.06 19:28:22 INFO  Shut down connection with build server.
2024.08.06 19:28:22 INFO  Shut down connection with build server.
2024.08.06 19:28:22 INFO  Exiting server
