2024.08.04 23:34:55 INFO  Started: Metals version 1.3.5 in folders '/home/freshpate/git/scala1' for client Visual Studio Code 1.92.0.
SLF4J(W): Class path contains multiple SLF4J providers.
SLF4J(W): Found provider [scribe.slf4j.ScribeServiceProvider@509ef46f]
SLF4J(W): Found provider [ch.qos.logback.classic.spi.LogbackServiceProvider@46c5889d]
SLF4J(W): See https://www.slf4j.org/codes.html#multiple_bindings for an explanation.
SLF4J(I): Actual provider is of type [scribe.slf4j.ScribeServiceProvider@509ef46f]
2024.08.04 23:34:55 WARN  Flyway upgrade recommended: H2 2.3.230 is newer than this version of Flyway and support has not been tested. The latest supported version of H2 is 2.2.220.
2024.08.04 23:34:55 INFO  no build target found for /home/freshpate/git/scala1/assignment.sbt. Using presentation compiler with project's scala-library version: 3.3.3
Aug 04, 2024 11:34:55 PM org.eclipse.lsp4j.jsonrpc.RemoteEndpoint handleCancellation
WARNING: Unmatched cancel notification for request id 3
Aug 04, 2024 11:34:55 PM org.eclipse.lsp4j.jsonrpc.RemoteEndpoint handleCancellation
WARNING: Unmatched cancel notification for request id 5
Aug 04, 2024 11:34:55 PM org.eclipse.lsp4j.jsonrpc.RemoteEndpoint handleCancellation
WARNING: Unmatched cancel notification for request id 1
2024.08.04 23:34:57 WARN  Could not find semantic tokens for: file:///home/freshpate/git/scala1/assignment.sbt
2024.08.04 23:35:00 INFO  running '/home/freshpate/.local/share/coursier/bin/sbt -Dbloop.export-jar-classifiers=sources bloopInstall'
2024.08.04 23:35:00 WARN  no build target for: /home/freshpate/git/scala1/project/metals.sbt
2024.08.04 23:35:00 INFO  no build target found for /home/freshpate/git/scala1/project/metals.sbt. Using presentation compiler with project's scala-library version: 3.3.3
2024.08.04 23:35:00 ERROR [info] [launcher] getting org.scala-sbt sbt 1.8.2  (this may take some time)...
2024.08.04 23:35:03 ERROR [info] [launcher] getting Scala 2.12.17 (for sbt)...
2024.08.04 23:35:04 INFO  [info] welcome to sbt 1.8.2 (Eclipse Adoptium Java 11.0.24)
2024.08.04 23:35:05 INFO  [info] loading settings for project scala1-build-build-build from metals.sbt ...
2024.08.04 23:35:05 INFO  [info] loading project definition from /home/freshpate/git/scala1/project/project/project
2024.08.04 23:35:07 INFO  [info] loading settings for project scala1-build-build from metals.sbt ...
2024.08.04 23:35:07 INFO  [info] loading project definition from /home/freshpate/git/scala1/project/project
2024.08.04 23:35:09 INFO  [success] Generated .bloop/scala1-build-build.json
2024.08.04 23:35:09 INFO  [success] Total time: 2 s, completed Aug 4, 2024, 11:35:09 PM
2024.08.04 23:35:09 INFO  [info] loading settings for project scala1-build from buildSettings.sbt,metals.sbt,plugins.sbt ...
2024.08.04 23:35:09 INFO  [info] loading project definition from /home/freshpate/git/scala1/project
2024.08.04 23:35:12 INFO  [success] Generated .bloop/scala1-build.json
2024.08.04 23:35:12 INFO  [info] compiling 3 Scala sources to /home/freshpate/git/scala1/project/target/scala-2.12/sbt-1.0/classes ...
2024.08.04 23:35:12 INFO  [info] Non-compiled module 'compiler-bridge_2.12' for Scala 2.12.17. Compiling...
2024.08.04 23:35:18 INFO  [info]   Compilation completed in 6.186s.
2024.08.04 23:35:20 INFO  [info] done compiling
2024.08.04 23:35:20 INFO  [success] Total time: 10 s, completed Aug 4, 2024, 11:35:20 PM
2024.08.04 23:35:21 INFO  [info] loading settings for project scala1 from assignment.sbt,build.sbt ...
2024.08.04 23:35:21 INFO  [info] set current project to progfun1-example (in build file:/home/freshpate/git/scala1/)
2024.08.04 23:35:24 INFO  [success] Generated .bloop/scala1.json
2024.08.04 23:35:24 INFO  [success] Generated .bloop/scala1-test.json
2024.08.04 23:35:24 INFO  [success] Total time: 3 s, completed Aug 4, 2024, 11:35:24 PM
2024.08.04 23:35:25 INFO  time: ran 'sbt bloopInstall' in 25s
2024.08.04 23:35:25 INFO  Attempting to connect to the build server...
2024.08.04 23:35:25 INFO  Setting up current java home /home/freshpate/.cache/coursier/arc/https/github.com/adoptium/temurin17-binaries/releases/download/jdk-17%252B35/OpenJDK17-jdk_x64_linux_hotspot_17_35.tar.gz/jdk-17+35 in /home/freshpate/.bloop/bloop.json
2024.08.04 23:35:28 INFO  tracing is disabled for protocol BSP, to enable tracing of incoming and outgoing JSON messages create an empty file at /home/freshpate/git/scala1/.metals/bsp.trace.json or /home/freshpate/.cache/metals/bsp.trace.json
2024.08.04 23:35:28 INFO  Attempting to connect to the build server...
2024.08.04 23:35:28 INFO  Attempting to connect to the build server...
2024.08.04 23:35:28 INFO  tracing is disabled for protocol BSP, to enable tracing of incoming and outgoing JSON messages create an empty file at /home/freshpate/git/scala1/project/.metals/bsp.trace.json or /home/freshpate/.cache/metals/bsp.trace.json
2024.08.04 23:35:29 INFO  tracing is disabled for protocol BSP, to enable tracing of incoming and outgoing JSON messages create an empty file at /home/freshpate/git/scala1/project/project/.metals/bsp.trace.json or /home/freshpate/.cache/metals/bsp.trace.json
2024.08.04 23:35:30 INFO  time: Connected to build server in 4.86s
2024.08.04 23:35:30 INFO  Connected to Build server: Bloop v1.6.0
2024.08.04 23:35:30 INFO  running doctor check
2024.08.04 23:35:30 INFO  java targets: scala1-build, scala1, scala1-test, scala1-build-build
2024.08.04 23:35:30 WARN  3.3.0 is no longer supported in the current Metals versions, using the last known supported version 1.2.2
2024.08.04 23:35:33 WARN  Flyway upgrade recommended: H2 2.3.230 is newer than this version of Flyway and support has not been tested. The latest supported version of H2 is 2.2.220.
2024.08.04 23:35:43 INFO  time: indexed workspace in 13s
2024.08.04 23:35:44 INFO  compiling scala1-build (3 scala sources)
2024.08.04 23:35:44 INFO  Non-compiled module 'compiler-bridge_2.12' for Scala 2.12.17. Compiling...
2024.08.04 23:35:50 INFO  Compilation completed in 6.106s.
2024.08.04 23:35:54 INFO  time: compiled scala1-build in 10s
2024.08.04 23:35:55 INFO  compiling scala1 (1 scala source)
2024.08.04 23:35:56 INFO  time: compiled scala1 in 1.72s
2024.08.04 23:37:56 INFO  compiling scala1 (1 scala source)
2024.08.04 23:37:56 INFO  time: compiled scala1 in 0.23s
2024.08.04 23:38:36 INFO  compiling scala1 (1 scala source)
2024.08.04 23:38:36 INFO  time: compiled scala1 in 97ms
Aug 04, 2024 11:40:28 PM org.eclipse.lsp4j.jsonrpc.RemoteEndpoint handleCancellation
WARNING: Unmatched cancel notification for request id 102
2024.08.04 23:41:34 INFO  compiling scala1 (1 scala source)
2024.08.04 23:41:34 INFO  time: compiled scala1 in 0.25s
2024.08.04 23:41:42 INFO  compiling scala1-test (1 scala source)
2024.08.04 23:41:42 INFO  time: compiled scala1-test in 0.63s
2024.08.04 23:42:35 INFO  compiling scala1 (1 scala source)
2024.08.04 23:42:35 INFO  time: compiled scala1 in 0.43s
2024.08.04 23:44:58 INFO  compiling scala1 (1 scala source)
2024.08.04 23:44:58 INFO  time: compiled scala1 in 0.45s
2024.08.04 23:45:46 INFO  compiling scala1 (1 scala source)
2024.08.04 23:45:46 INFO  time: compiled scala1 in 0.27s
2024.08.04 23:45:49 INFO  compiling scala1 (1 scala source)
2024.08.04 23:45:49 INFO  time: compiled scala1 in 0.19s
2024.08.04 23:46:16 INFO  compiling scala1 (1 scala source)
2024.08.04 23:46:16 INFO  time: compiled scala1 in 85ms
2024.08.04 23:48:28 INFO  compiling scala1 (1 scala source)
2024.08.04 23:48:28 INFO  time: compiled scala1 in 0.19s
Aug 04, 2024 11:48:48 PM org.eclipse.lsp4j.jsonrpc.RemoteEndpoint handleCancellation
WARNING: Unmatched cancel notification for request id 1158
2024.08.04 23:48:49 INFO  compiling scala1 (1 scala source)
2024.08.04 23:48:49 INFO  time: compiled scala1 in 0.15s
2024.08.04 23:51:49 INFO  compiling scala1 (1 scala source)
2024.08.04 23:51:49 INFO  time: compiled scala1 in 0.19s
2024.08.04 23:51:54 INFO  compiling scala1 (1 scala source)
2024.08.04 23:51:54 INFO  time: compiled scala1 in 0.12s
2024.08.04 23:52:08 INFO  tracing is disabled for protocol dap-server, to enable tracing of incoming and outgoing JSON messages create an empty file at /home/freshpate/git/scala1/.metals/dap-server.trace.json or /home/freshpate/.cache/metals/dap-server.trace.json
2024.08.04 23:52:08 INFO  tracing is disabled for protocol dap-client, to enable tracing of incoming and outgoing JSON messages create an empty file at /home/freshpate/git/scala1/.metals/dap-client.trace.json or /home/freshpate/.cache/metals/dap-client.trace.json
2024.08.04 23:52:08 INFO  Starting debug proxy for [example.ListsSuite(sum of a few numbers \(10pts\))]
2024.08.04 23:52:08 INFO  Initialized Scala 3 decoder in 2 milliseconds
2024.08.04 23:52:08 INFO  Trying to attach to remote debuggee VM localhost:45361 .
2024.08.04 23:52:08 INFO  Attaching to debuggee VM succeeded.
2024.08.04 23:52:09 INFO  Canceling debug proxy for [example.ListsSuite(sum of a few numbers \(10pts\))]
2024.08.04 23:52:08 INFO  Closing debug server tcp://0.0.0.0:45349
2024.08.04 23:52:43 INFO  compiling scala1-test (1 scala source)
2024.08.04 23:52:43 INFO  time: compiled scala1-test in 0.25s
Aug 04, 2024 11:52:53 PM org.eclipse.lsp4j.jsonrpc.RemoteEndpoint handleCancellation
WARNING: Unmatched cancel notification for request id 1281
2024.08.04 23:53:02 INFO  tracing is disabled for protocol dap-server, to enable tracing of incoming and outgoing JSON messages create an empty file at /home/freshpate/git/scala1/.metals/dap-server.trace.json or /home/freshpate/.cache/metals/dap-server.trace.json
2024.08.04 23:53:02 INFO  tracing is disabled for protocol dap-client, to enable tracing of incoming and outgoing JSON messages create an empty file at /home/freshpate/git/scala1/.metals/dap-client.trace.json or /home/freshpate/.cache/metals/dap-client.trace.json
2024.08.04 23:53:02 INFO  Starting debug proxy for [example.ListsSuite()]
2024.08.04 23:53:02 INFO  Initialized Scala 3 decoder in 0 milliseconds
2024.08.04 23:53:02 INFO  Trying to attach to remote debuggee VM localhost:47059 .
2024.08.04 23:53:02 INFO  Attaching to debuggee VM succeeded.
2024.08.04 23:53:03 INFO  Canceling debug proxy for [example.ListsSuite()]
2024.08.04 23:53:02 INFO  Closing debug server tcp://0.0.0.0:36667
2024.08.04 23:53:40 INFO  compiling scala1-test (1 scala source)
2024.08.04 23:53:40 INFO  time: compiled scala1-test in 0.2s
2024.08.04 23:53:53 INFO  tracing is disabled for protocol dap-server, to enable tracing of incoming and outgoing JSON messages create an empty file at /home/freshpate/git/scala1/.metals/dap-server.trace.json or /home/freshpate/.cache/metals/dap-server.trace.json
2024.08.04 23:53:53 INFO  tracing is disabled for protocol dap-client, to enable tracing of incoming and outgoing JSON messages create an empty file at /home/freshpate/git/scala1/.metals/dap-client.trace.json or /home/freshpate/.cache/metals/dap-client.trace.json
2024.08.04 23:53:53 INFO  Starting debug proxy for [example.ListsSuite(sum of a few numbers \(10pts\))]
2024.08.04 23:53:53 INFO  Initialized Scala 3 decoder in 0 milliseconds
2024.08.04 23:53:53 INFO  Trying to attach to remote debuggee VM localhost:54013 .
2024.08.04 23:53:53 INFO  Attaching to debuggee VM succeeded.
2024.08.04 23:53:53 INFO  Canceling debug proxy for [example.ListsSuite(sum of a few numbers \(10pts\))]
2024.08.04 23:53:53 INFO  Closing debug server tcp://0.0.0.0:46771
2024.08.04 23:54:07 INFO  compiling scala1-test (1 scala source)
2024.08.04 23:54:07 INFO  time: compiled scala1-test in 0.22s
2024.08.04 23:54:08 INFO  tracing is disabled for protocol dap-server, to enable tracing of incoming and outgoing JSON messages create an empty file at /home/freshpate/git/scala1/.metals/dap-server.trace.json or /home/freshpate/.cache/metals/dap-server.trace.json
2024.08.04 23:54:08 INFO  tracing is disabled for protocol dap-client, to enable tracing of incoming and outgoing JSON messages create an empty file at /home/freshpate/git/scala1/.metals/dap-client.trace.json or /home/freshpate/.cache/metals/dap-client.trace.json
2024.08.04 23:54:08 INFO  Starting debug proxy for [example.ListsSuite(sum of a few numbers \(10pts\))]
2024.08.04 23:54:08 INFO  Initialized Scala 3 decoder in 0 milliseconds
2024.08.04 23:54:08 INFO  Trying to attach to remote debuggee VM localhost:57973 .
2024.08.04 23:54:08 INFO  Attaching to debuggee VM succeeded.
2024.08.04 23:54:09 INFO  Canceling debug proxy for [example.ListsSuite(sum of a few numbers \(10pts\))]
2024.08.04 23:54:08 INFO  Closing debug server tcp://0.0.0.0:37719
2024.08.04 23:54:17 INFO  compiling scala1-test (1 scala source)
2024.08.04 23:54:17 INFO  time: compiled scala1-test in 0.17s
2024.08.04 23:54:19 INFO  tracing is disabled for protocol dap-server, to enable tracing of incoming and outgoing JSON messages create an empty file at /home/freshpate/git/scala1/.metals/dap-server.trace.json or /home/freshpate/.cache/metals/dap-server.trace.json
2024.08.04 23:54:19 INFO  tracing is disabled for protocol dap-client, to enable tracing of incoming and outgoing JSON messages create an empty file at /home/freshpate/git/scala1/.metals/dap-client.trace.json or /home/freshpate/.cache/metals/dap-client.trace.json
2024.08.04 23:54:19 INFO  Starting debug proxy for [example.ListsSuite(max of a few numbers \(10pts\))]
2024.08.04 23:54:19 INFO  Initialized Scala 3 decoder in 0 milliseconds
2024.08.04 23:54:19 INFO  Trying to attach to remote debuggee VM localhost:54991 .
2024.08.04 23:54:19 INFO  Attaching to debuggee VM succeeded.
2024.08.04 23:54:20 INFO  Canceling debug proxy for [example.ListsSuite(max of a few numbers \(10pts\))]
2024.08.04 23:54:19 INFO  Closing debug server tcp://0.0.0.0:33925
Aug 04, 2024 11:54:28 PM org.eclipse.lsp4j.jsonrpc.RemoteEndpoint handleCancellation
WARNING: Unmatched cancel notification for request id 1408
2024.08.05 00:02:11 INFO  Shutting down server
2024.08.05 00:02:11 INFO  shutting down Metals
2024.08.05 00:02:11 INFO  Shut down connection with build server.
2024.08.05 00:02:11 INFO  Shut down connection with build server.
2024.08.05 00:02:11 INFO  Shut down connection with build server.
2024.08.05 00:02:11 INFO  Exiting server
